<?xml version="1.0" ?>
<coverage version="7.13.1" timestamp="1770375813241" lines-valid="4313" lines-covered="0" line-rate="0" branches-covered="0" branches-valid="0" branch-rate="0" complexity="0">
	<!-- Generated by coverage.py: https://coverage.readthedocs.io/en/7.13.1 -->
	<!-- Based on https://raw.githubusercontent.com/cobertura/web/master/htdocs/xml/coverage-04.dtd -->
	<sources>
		<source>/home/qy/workspace/project/ai/flywheel/scripts</source>
		<source>/home/qy/workspace/project/ai/flywheel/src</source>
	</sources>
	<packages>
		<package name="." line-rate="0" branch-rate="0" complexity="0">
			<classes>
				<class name="curate.py" filename="curate.py" complexity="0" line-rate="0" branch-rate="0">
					<methods/>
					<lines>
						<line number="3" hits="0"/>
						<line number="4" hits="0"/>
						<line number="5" hits="0"/>
						<line number="6" hits="0"/>
						<line number="7" hits="0"/>
						<line number="9" hits="0"/>
						<line number="11" hits="0"/>
						<line number="13" hits="0"/>
						<line number="16" hits="0"/>
						<line number="18" hits="0"/>
						<line number="19" hits="0"/>
						<line number="20" hits="0"/>
						<line number="21" hits="0"/>
						<line number="22" hits="0"/>
						<line number="23" hits="0"/>
						<line number="24" hits="0"/>
						<line number="25" hits="0"/>
						<line number="26" hits="0"/>
						<line number="29" hits="0"/>
						<line number="30" hits="0"/>
						<line number="31" hits="0"/>
						<line number="32" hits="0"/>
						<line number="33" hits="0"/>
						<line number="34" hits="0"/>
						<line number="35" hits="0"/>
						<line number="38" hits="0"/>
						<line number="39" hits="0"/>
						<line number="40" hits="0"/>
						<line number="42" hits="0"/>
						<line number="43" hits="0"/>
						<line number="44" hits="0"/>
						<line number="45" hits="0"/>
						<line number="47" hits="0"/>
						<line number="48" hits="0"/>
						<line number="49" hits="0"/>
						<line number="51" hits="0"/>
						<line number="53" hits="0"/>
						<line number="54" hits="0"/>
						<line number="55" hits="0"/>
						<line number="56" hits="0"/>
						<line number="57" hits="0"/>
						<line number="58" hits="0"/>
						<line number="59" hits="0"/>
						<line number="61" hits="0"/>
						<line number="69" hits="0"/>
						<line number="70" hits="0"/>
						<line number="72" hits="0"/>
						<line number="77" hits="0"/>
						<line number="78" hits="0"/>
						<line number="79" hits="0"/>
						<line number="80" hits="0"/>
						<line number="81" hits="0"/>
						<line number="82" hits="0"/>
						<line number="83" hits="0"/>
						<line number="85" hits="0"/>
						<line number="86" hits="0"/>
						<line number="89" hits="0"/>
						<line number="90" hits="0"/>
						<line number="91" hits="0"/>
						<line number="92" hits="0"/>
						<line number="93" hits="0"/>
						<line number="96" hits="0"/>
						<line number="97" hits="0"/>
					</lines>
				</class>
				<class name="evaluate.py" filename="evaluate.py" complexity="0" line-rate="0" branch-rate="0">
					<methods/>
					<lines>
						<line number="3" hits="0"/>
						<line number="4" hits="0"/>
						<line number="5" hits="0"/>
						<line number="6" hits="0"/>
						<line number="7" hits="0"/>
						<line number="9" hits="0"/>
						<line number="11" hits="0"/>
						<line number="12" hits="0"/>
						<line number="14" hits="0"/>
						<line number="17" hits="0"/>
						<line number="21" hits="0"/>
						<line number="28" hits="0"/>
						<line number="29" hits="0"/>
						<line number="31" hits="0"/>
						<line number="40" hits="0"/>
						<line number="41" hits="0"/>
						<line number="43" hits="0"/>
						<line number="57" hits="0"/>
						<line number="58" hits="0"/>
						<line number="60" hits="0"/>
						<line number="62" hits="0"/>
						<line number="63" hits="0"/>
						<line number="65" hits="0"/>
						<line number="66" hits="0"/>
						<line number="67" hits="0"/>
						<line number="68" hits="0"/>
						<line number="69" hits="0"/>
						<line number="71" hits="0"/>
						<line number="76" hits="0"/>
						<line number="78" hits="0"/>
						<line number="80" hits="0"/>
						<line number="83" hits="0"/>
						<line number="86" hits="0"/>
						<line number="87" hits="0"/>
						<line number="89" hits="0"/>
						<line number="91" hits="0"/>
						<line number="94" hits="0"/>
						<line number="97" hits="0"/>
						<line number="98" hits="0"/>
						<line number="101" hits="0"/>
						<line number="102" hits="0"/>
						<line number="103" hits="0"/>
						<line number="104" hits="0"/>
						<line number="105" hits="0"/>
						<line number="109" hits="0"/>
						<line number="110" hits="0"/>
						<line number="112" hits="0"/>
						<line number="114" hits="0"/>
						<line number="116" hits="0"/>
						<line number="117" hits="0"/>
						<line number="118" hits="0"/>
						<line number="121" hits="0"/>
						<line number="122" hits="0"/>
						<line number="124" hits="0"/>
						<line number="126" hits="0"/>
						<line number="127" hits="0"/>
						<line number="128" hits="0"/>
						<line number="130" hits="0"/>
						<line number="131" hits="0"/>
						<line number="132" hits="0"/>
						<line number="133" hits="0"/>
						<line number="134" hits="0"/>
						<line number="136" hits="0"/>
						<line number="137" hits="0"/>
						<line number="138" hits="0"/>
						<line number="141" hits="0"/>
						<line number="142" hits="0"/>
						<line number="144" hits="0"/>
						<line number="145" hits="0"/>
						<line number="146" hits="0"/>
						<line number="149" hits="0"/>
						<line number="150" hits="0"/>
						<line number="152" hits="0"/>
						<line number="155" hits="0"/>
						<line number="156" hits="0"/>
						<line number="158" hits="0"/>
						<line number="160" hits="0"/>
						<line number="162" hits="0"/>
						<line number="163" hits="0"/>
						<line number="165" hits="0"/>
						<line number="168" hits="0"/>
						<line number="170" hits="0"/>
						<line number="172" hits="0"/>
						<line number="173" hits="0"/>
						<line number="176" hits="0"/>
						<line number="177" hits="0"/>
					</lines>
				</class>
				<class name="scan.py" filename="scan.py" complexity="0" line-rate="0" branch-rate="0">
					<methods/>
					<lines>
						<line number="3" hits="0"/>
						<line number="4" hits="0"/>
						<line number="5" hits="0"/>
						<line number="6" hits="0"/>
						<line number="7" hits="0"/>
						<line number="8" hits="0"/>
						<line number="9" hits="0"/>
						<line number="11" hits="0"/>
						<line number="13" hits="0"/>
						<line number="14" hits="0"/>
						<line number="16" hits="0"/>
						<line number="19" hits="0"/>
						<line number="30" hits="0"/>
						<line number="33" hits="0"/>
						<line number="36" hits="0"/>
						<line number="37" hits="0"/>
						<line number="38" hits="0"/>
						<line number="39" hits="0"/>
						<line number="41" hits="0"/>
						<line number="50" hits="0"/>
						<line number="51" hits="0"/>
						<line number="52" hits="0"/>
						<line number="54" hits="0"/>
						<line number="56" hits="0"/>
						<line number="57" hits="0"/>
						<line number="60" hits="0"/>
						<line number="61" hits="0"/>
						<line number="63" hits="0"/>
						<line number="65" hits="0"/>
						<line number="74" hits="0"/>
						<line number="75" hits="0"/>
						<line number="76" hits="0"/>
						<line number="78" hits="0"/>
						<line number="80" hits="0"/>
						<line number="81" hits="0"/>
						<line number="84" hits="0"/>
						<line number="85" hits="0"/>
						<line number="86" hits="0"/>
						<line number="88" hits="0"/>
						<line number="90" hits="0"/>
						<line number="102" hits="0"/>
						<line number="103" hits="0"/>
						<line number="105" hits="0"/>
						<line number="106" hits="0"/>
						<line number="107" hits="0"/>
						<line number="109" hits="0"/>
						<line number="110" hits="0"/>
						<line number="111" hits="0"/>
						<line number="112" hits="0"/>
						<line number="113" hits="0"/>
						<line number="116" hits="0"/>
						<line number="117" hits="0"/>
						<line number="120" hits="0"/>
						<line number="121" hits="0"/>
						<line number="123" hits="0"/>
						<line number="125" hits="0"/>
						<line number="134" hits="0"/>
						<line number="135" hits="0"/>
						<line number="137" hits="0"/>
						<line number="139" hits="0"/>
						<line number="146" hits="0"/>
						<line number="147" hits="0"/>
						<line number="148" hits="0"/>
						<line number="150" hits="0"/>
						<line number="152" hits="0"/>
						<line number="161" hits="0"/>
						<line number="162" hits="0"/>
						<line number="164" hits="0"/>
						<line number="165" hits="0"/>
						<line number="166" hits="0"/>
						<line number="167" hits="0"/>
						<line number="168" hits="0"/>
						<line number="170" hits="0"/>
						<line number="172" hits="0"/>
						<line number="173" hits="0"/>
						<line number="175" hits="0"/>
						<line number="184" hits="0"/>
						<line number="186" hits="0"/>
						<line number="195" hits="0"/>
						<line number="196" hits="0"/>
						<line number="199" hits="0"/>
						<line number="200" hits="0"/>
						<line number="201" hits="0"/>
						<line number="202" hits="0"/>
						<line number="205" hits="0"/>
						<line number="206" hits="0"/>
						<line number="209" hits="0"/>
						<line number="210" hits="0"/>
						<line number="211" hits="0"/>
						<line number="212" hits="0"/>
						<line number="213" hits="0"/>
						<line number="214" hits="0"/>
						<line number="217" hits="0"/>
						<line number="218" hits="0"/>
						<line number="219" hits="0"/>
						<line number="220" hits="0"/>
						<line number="221" hits="0"/>
						<line number="222" hits="0"/>
						<line number="223" hits="0"/>
						<line number="226" hits="0"/>
						<line number="227" hits="0"/>
						<line number="228" hits="0"/>
						<line number="229" hits="0"/>
						<line number="231" hits="0"/>
						<line number="233" hits="0"/>
						<line number="242" hits="0"/>
						<line number="243" hits="0"/>
						<line number="246" hits="0"/>
						<line number="248" hits="0"/>
						<line number="250" hits="0"/>
						<line number="268" hits="0"/>
						<line number="270" hits="0"/>
						<line number="290" hits="0"/>
						<line number="292" hits="0"/>
						<line number="312" hits="0"/>
						<line number="325" hits="0"/>
						<line number="326" hits="0"/>
						<line number="328" hits="0"/>
						<line number="334" hits="0"/>
						<line number="337" hits="0"/>
						<line number="338" hits="0"/>
						<line number="341" hits="0"/>
						<line number="342" hits="0"/>
						<line number="343" hits="0"/>
						<line number="348" hits="0"/>
						<line number="349" hits="0"/>
						<line number="350" hits="0"/>
						<line number="353" hits="0"/>
						<line number="354" hits="0"/>
						<line number="355" hits="0"/>
						<line number="358" hits="0"/>
						<line number="359" hits="0"/>
						<line number="360" hits="0"/>
						<line number="361" hits="0"/>
						<line number="362" hits="0"/>
						<line number="364" hits="0"/>
						<line number="365" hits="0"/>
						<line number="366" hits="0"/>
						<line number="369" hits="0"/>
						<line number="370" hits="0"/>
						<line number="371" hits="0"/>
						<line number="372" hits="0"/>
						<line number="374" hits="0"/>
						<line number="375" hits="0"/>
						<line number="376" hits="0"/>
						<line number="378" hits="0"/>
						<line number="381" hits="0"/>
						<line number="382" hits="0"/>
						<line number="383" hits="0"/>
						<line number="385" hits="0"/>
						<line number="386" hits="0"/>
						<line number="387" hits="0"/>
						<line number="388" hits="0"/>
						<line number="389" hits="0"/>
						<line number="390" hits="0"/>
						<line number="393" hits="0"/>
						<line number="394" hits="0"/>
						<line number="396" hits="0"/>
						<line number="399" hits="0"/>
						<line number="401" hits="0"/>
						<line number="403" hits="0"/>
						<line number="406" hits="0"/>
						<line number="408" hits="0"/>
						<line number="409" hits="0"/>
						<line number="410" hits="0"/>
						<line number="411" hits="0"/>
						<line number="413" hits="0"/>
						<line number="416" hits="0"/>
						<line number="417" hits="0"/>
					</lines>
				</class>
			</classes>
		</package>
		<package name="flywheel" line-rate="0" branch-rate="0" complexity="0">
			<classes>
				<class name="__init__.py" filename="flywheel/__init__.py" complexity="0" line-rate="0" branch-rate="0">
					<methods/>
					<lines>
						<line number="3" hits="0"/>
					</lines>
				</class>
				<class name="cli.py" filename="flywheel/cli.py" complexity="0" line-rate="0" branch-rate="0">
					<methods/>
					<lines>
						<line number="3" hits="0"/>
						<line number="4" hits="0"/>
						<line number="5" hits="0"/>
						<line number="6" hits="0"/>
						<line number="7" hits="0"/>
						<line number="8" hits="0"/>
						<line number="9" hits="0"/>
						<line number="10" hits="0"/>
						<line number="12" hits="0"/>
						<line number="13" hits="0"/>
						<line number="14" hits="0"/>
						<line number="16" hits="0"/>
						<line number="22" hits="0"/>
						<line number="23" hits="0"/>
						<line number="24" hits="0"/>
						<line number="33" hits="0"/>
						<line number="40" hits="0"/>
						<line number="46" hits="0"/>
						<line number="55" hits="0"/>
						<line number="140" hits="0"/>
						<line number="141" hits="0"/>
						<line number="146" hits="0"/>
						<line number="147" hits="0"/>
						<line number="148" hits="0"/>
						<line number="181" hits="0"/>
						<line number="182" hits="0"/>
						<line number="183" hits="0"/>
						<line number="189" hits="0"/>
						<line number="193" hits="0"/>
						<line number="194" hits="0"/>
						<line number="195" hits="0"/>
						<line number="200" hits="0"/>
						<line number="201" hits="0"/>
						<line number="204" hits="0"/>
						<line number="207" hits="0"/>
						<line number="209" hits="0"/>
						<line number="214" hits="0"/>
						<line number="218" hits="0"/>
						<line number="220" hits="0"/>
						<line number="221" hits="0"/>
						<line number="242" hits="0"/>
						<line number="245" hits="0"/>
						<line number="248" hits="0"/>
						<line number="254" hits="0"/>
						<line number="255" hits="0"/>
						<line number="273" hits="0"/>
						<line number="274" hits="0"/>
						<line number="275" hits="0"/>
						<line number="276" hits="0"/>
						<line number="278" hits="0"/>
						<line number="303" hits="0"/>
						<line number="309" hits="0"/>
						<line number="314" hits="0"/>
						<line number="315" hits="0"/>
						<line number="339" hits="0"/>
						<line number="340" hits="0"/>
						<line number="352" hits="0"/>
						<line number="354" hits="0"/>
						<line number="355" hits="0"/>
						<line number="356" hits="0"/>
						<line number="357" hits="0"/>
						<line number="358" hits="0"/>
						<line number="359" hits="0"/>
						<line number="362" hits="0"/>
						<line number="366" hits="0"/>
						<line number="369" hits="0"/>
						<line number="387" hits="0"/>
						<line number="388" hits="0"/>
						<line number="392" hits="0"/>
						<line number="393" hits="0"/>
						<line number="395" hits="0"/>
						<line number="398" hits="0"/>
						<line number="490" hits="0"/>
						<line number="491" hits="0"/>
						<line number="519" hits="0"/>
						<line number="542" hits="0"/>
						<line number="543" hits="0"/>
						<line number="544" hits="0"/>
						<line number="581" hits="0"/>
						<line number="605" hits="0"/>
						<line number="607" hits="0"/>
						<line number="612" hits="0"/>
						<line number="618" hits="0"/>
						<line number="637" hits="0"/>
						<line number="640" hits="0"/>
						<line number="668" hits="0"/>
						<line number="669" hits="0"/>
						<line number="670" hits="0"/>
						<line number="676" hits="0"/>
						<line number="679" hits="0"/>
						<line number="700" hits="0"/>
						<line number="702" hits="0"/>
						<line number="704" hits="0"/>
						<line number="705" hits="0"/>
						<line number="706" hits="0"/>
						<line number="709" hits="0"/>
						<line number="760" hits="0"/>
						<line number="761" hits="0"/>
						<line number="766" hits="0"/>
						<line number="770" hits="0"/>
						<line number="771" hits="0"/>
						<line number="774" hits="0"/>
						<line number="777" hits="0"/>
						<line number="778" hits="0"/>
						<line number="780" hits="0"/>
						<line number="788" hits="0"/>
						<line number="790" hits="0"/>
						<line number="792" hits="0"/>
						<line number="797" hits="0"/>
						<line number="798" hits="0"/>
						<line number="803" hits="0"/>
						<line number="810" hits="0"/>
						<line number="814" hits="0"/>
						<line number="816" hits="0"/>
						<line number="819" hits="0"/>
						<line number="822" hits="0"/>
						<line number="823" hits="0"/>
						<line number="825" hits="0"/>
						<line number="827" hits="0"/>
						<line number="836" hits="0"/>
						<line number="837" hits="0"/>
						<line number="839" hits="0"/>
						<line number="841" hits="0"/>
						<line number="843" hits="0"/>
						<line number="844" hits="0"/>
						<line number="845" hits="0"/>
						<line number="846" hits="0"/>
						<line number="849" hits="0"/>
						<line number="852" hits="0"/>
						<line number="853" hits="0"/>
						<line number="855" hits="0"/>
						<line number="856" hits="0"/>
						<line number="858" hits="0"/>
						<line number="860" hits="0"/>
						<line number="861" hits="0"/>
						<line number="862" hits="0"/>
						<line number="863" hits="0"/>
						<line number="865" hits="0"/>
						<line number="866" hits="0"/>
						<line number="867" hits="0"/>
						<line number="868" hits="0"/>
						<line number="870" hits="0"/>
						<line number="872" hits="0"/>
						<line number="873" hits="0"/>
						<line number="875" hits="0"/>
						<line number="876" hits="0"/>
						<line number="878" hits="0"/>
						<line number="880" hits="0"/>
						<line number="881" hits="0"/>
						<line number="882" hits="0"/>
						<line number="883" hits="0"/>
						<line number="885" hits="0"/>
						<line number="886" hits="0"/>
						<line number="887" hits="0"/>
						<line number="888" hits="0"/>
						<line number="889" hits="0"/>
						<line number="890" hits="0"/>
						<line number="891" hits="0"/>
						<line number="892" hits="0"/>
						<line number="894" hits="0"/>
						<line number="895" hits="0"/>
						<line number="898" hits="0"/>
						<line number="900" hits="0"/>
						<line number="901" hits="0"/>
						<line number="904" hits="0"/>
						<line number="905" hits="0"/>
						<line number="906" hits="0"/>
						<line number="907" hits="0"/>
						<line number="908" hits="0"/>
						<line number="909" hits="0"/>
						<line number="912" hits="0"/>
						<line number="913" hits="0"/>
						<line number="914" hits="0"/>
						<line number="915" hits="0"/>
						<line number="918" hits="0"/>
						<line number="919" hits="0"/>
						<line number="922" hits="0"/>
						<line number="923" hits="0"/>
						<line number="926" hits="0"/>
						<line number="927" hits="0"/>
						<line number="928" hits="0"/>
						<line number="929" hits="0"/>
						<line number="930" hits="0"/>
						<line number="931" hits="0"/>
						<line number="933" hits="0"/>
						<line number="935" hits="0"/>
						<line number="936" hits="0"/>
						<line number="937" hits="0"/>
						<line number="939" hits="0"/>
						<line number="940" hits="0"/>
						<line number="941" hits="0"/>
						<line number="944" hits="0"/>
						<line number="945" hits="0"/>
					</lines>
				</class>
				<class name="formatter.py" filename="flywheel/formatter.py" complexity="0" line-rate="0" branch-rate="0">
					<methods/>
					<lines>
						<line number="3" hits="0"/>
						<line number="5" hits="0"/>
						<line number="8" hits="0"/>
						<line number="11" hits="0"/>
						<line number="12" hits="0"/>
						<line number="13" hits="0"/>
						<line number="16" hits="0"/>
						<line number="19" hits="0"/>
						<line number="20" hits="0"/>
						<line number="22" hits="0"/>
						<line number="24" hits="0"/>
						<line number="25" hits="0"/>
						<line number="27" hits="0"/>
						<line number="28" hits="0"/>
						<line number="29" hits="0"/>
						<line number="30" hits="0"/>
						<line number="31" hits="0"/>
						<line number="33" hits="0"/>
						<line number="35" hits="0"/>
						<line number="36" hits="0"/>
						<line number="37" hits="0"/>
						<line number="39" hits="0"/>
						<line number="40" hits="0"/>
						<line number="41" hits="0"/>
						<line number="42" hits="0"/>
						<line number="44" hits="0"/>
						<line number="46" hits="0"/>
						<line number="48" hits="0"/>
						<line number="50" hits="0"/>
						<line number="52" hits="0"/>
						<line number="53" hits="0"/>
						<line number="55" hits="0"/>
						<line number="56" hits="0"/>
						<line number="57" hits="0"/>
						<line number="59" hits="0"/>
						<line number="60" hits="0"/>
						<line number="62" hits="0"/>
						<line number="63" hits="0"/>
						<line number="66" hits="0"/>
						<line number="69" hits="0"/>
						<line number="70" hits="0"/>
						<line number="72" hits="0"/>
						<line number="73" hits="0"/>
						<line number="74" hits="0"/>
						<line number="76" hits="0"/>
						<line number="81" hits="0"/>
						<line number="83" hits="0"/>
						<line number="85" hits="0"/>
						<line number="90" hits="0"/>
						<line number="92" hits="0"/>
						<line number="94" hits="0"/>
						<line number="99" hits="0"/>
					</lines>
				</class>
				<class name="storage.py" filename="flywheel/storage.py" complexity="0" line-rate="0" branch-rate="0">
					<methods/>
					<lines>
						<line number="3" hits="0"/>
						<line number="5" hits="0"/>
						<line number="6" hits="0"/>
						<line number="7" hits="0"/>
						<line number="8" hits="0"/>
						<line number="9" hits="0"/>
						<line number="10" hits="0"/>
						<line number="11" hits="0"/>
						<line number="12" hits="0"/>
						<line number="13" hits="0"/>
						<line number="14" hits="0"/>
						<line number="15" hits="0"/>
						<line number="16" hits="0"/>
						<line number="17" hits="0"/>
						<line number="18" hits="0"/>
						<line number="19" hits="0"/>
						<line number="20" hits="0"/>
						<line number="21" hits="0"/>
						<line number="22" hits="0"/>
						<line number="23" hits="0"/>
						<line number="24" hits="0"/>
						<line number="25" hits="0"/>
						<line number="26" hits="0"/>
						<line number="28" hits="0"/>
						<line number="35" hits="0"/>
						<line number="43" hits="0"/>
						<line number="44" hits="0"/>
						<line number="57" hits="0"/>
						<line number="58" hits="0"/>
						<line number="60" hits="0"/>
						<line number="62" hits="0"/>
						<line number="63" hits="0"/>
						<line number="64" hits="0"/>
						<line number="70" hits="0"/>
						<line number="78" hits="0"/>
						<line number="79" hits="0"/>
						<line number="94" hits="0"/>
						<line number="97" hits="0"/>
						<line number="98" hits="0"/>
						<line number="99" hits="0"/>
						<line number="100" hits="0"/>
						<line number="102" hits="0"/>
						<line number="103" hits="0"/>
						<line number="104" hits="0"/>
						<line number="106" hits="0"/>
						<line number="107" hits="0"/>
						<line number="108" hits="0"/>
						<line number="109" hits="0"/>
						<line number="110" hits="0"/>
						<line number="114" hits="0"/>
						<line number="115" hits="0"/>
						<line number="119" hits="0"/>
						<line number="122" hits="0"/>
						<line number="124" hits="0"/>
						<line number="126" hits="0"/>
						<line number="128" hits="0"/>
						<line number="130" hits="0"/>
						<line number="132" hits="0"/>
						<line number="134" hits="0"/>
						<line number="139" hits="0"/>
						<line number="145" hits="0"/>
						<line number="150" hits="0"/>
						<line number="176" hits="0"/>
						<line number="177" hits="0"/>
						<line number="178" hits="0"/>
						<line number="182" hits="0"/>
						<line number="209" hits="0"/>
						<line number="211" hits="0"/>
						<line number="212" hits="0"/>
						<line number="214" hits="0"/>
						<line number="218" hits="0"/>
						<line number="240" hits="0"/>
						<line number="258" hits="0"/>
						<line number="263" hits="0"/>
						<line number="265" hits="0"/>
						<line number="276" hits="0"/>
						<line number="285" hits="0"/>
						<line number="311" hits="0"/>
						<line number="315" hits="0"/>
						<line number="316" hits="0"/>
						<line number="318" hits="0"/>
						<line number="321" hits="0"/>
						<line number="323" hits="0"/>
						<line number="328" hits="0"/>
						<line number="329" hits="0"/>
						<line number="332" hits="0"/>
						<line number="333" hits="0"/>
						<line number="336" hits="0"/>
						<line number="337" hits="0"/>
						<line number="341" hits="0"/>
						<line number="345" hits="0"/>
						<line number="350" hits="0"/>
						<line number="351" hits="0"/>
						<line number="352" hits="0"/>
						<line number="354" hits="0"/>
						<line number="355" hits="0"/>
						<line number="360" hits="0"/>
						<line number="363" hits="0"/>
						<line number="364" hits="0"/>
						<line number="366" hits="0"/>
						<line number="367" hits="0"/>
						<line number="368" hits="0"/>
						<line number="370" hits="0"/>
						<line number="371" hits="0"/>
						<line number="372" hits="0"/>
						<line number="373" hits="0"/>
						<line number="374" hits="0"/>
						<line number="378" hits="0"/>
						<line number="381" hits="0"/>
						<line number="387" hits="0"/>
						<line number="388" hits="0"/>
						<line number="389" hits="0"/>
						<line number="392" hits="0"/>
						<line number="393" hits="0"/>
						<line number="394" hits="0"/>
						<line number="395" hits="0"/>
						<line number="398" hits="0"/>
						<line number="399" hits="0"/>
						<line number="402" hits="0"/>
						<line number="403" hits="0"/>
						<line number="404" hits="0"/>
						<line number="405" hits="0"/>
						<line number="406" hits="0"/>
						<line number="407" hits="0"/>
						<line number="411" hits="0"/>
						<line number="412" hits="0"/>
						<line number="413" hits="0"/>
						<line number="414" hits="0"/>
						<line number="415" hits="0"/>
						<line number="418" hits="0"/>
						<line number="419" hits="0"/>
						<line number="420" hits="0"/>
						<line number="421" hits="0"/>
						<line number="422" hits="0"/>
						<line number="427" hits="0"/>
						<line number="429" hits="0"/>
						<line number="433" hits="0"/>
						<line number="434" hits="0"/>
						<line number="438" hits="0"/>
						<line number="440" hits="0"/>
						<line number="441" hits="0"/>
						<line number="442" hits="0"/>
						<line number="447" hits="0"/>
						<line number="452" hits="0"/>
						<line number="453" hits="0"/>
						<line number="454" hits="0"/>
						<line number="455" hits="0"/>
						<line number="456" hits="0"/>
						<line number="460" hits="0"/>
						<line number="461" hits="0"/>
						<line number="462" hits="0"/>
						<line number="463" hits="0"/>
						<line number="464" hits="0"/>
						<line number="465" hits="0"/>
						<line number="470" hits="0"/>
						<line number="473" hits="0"/>
						<line number="479" hits="0"/>
						<line number="482" hits="0"/>
						<line number="484" hits="0"/>
						<line number="486" hits="0"/>
						<line number="488" hits="0"/>
						<line number="504" hits="0"/>
						<line number="506" hits="0"/>
						<line number="520" hits="0"/>
						<line number="521" hits="0"/>
						<line number="522" hits="0"/>
						<line number="524" hits="0"/>
						<line number="526" hits="0"/>
						<line number="529" hits="0"/>
						<line number="530" hits="0"/>
						<line number="531" hits="0"/>
						<line number="533" hits="0"/>
						<line number="534" hits="0"/>
						<line number="536" hits="0"/>
						<line number="539" hits="0"/>
						<line number="541" hits="0"/>
						<line number="556" hits="0"/>
						<line number="557" hits="0"/>
						<line number="558" hits="0"/>
						<line number="561" hits="0"/>
						<line number="562" hits="0"/>
						<line number="563" hits="0"/>
						<line number="566" hits="0"/>
						<line number="567" hits="0"/>
						<line number="570" hits="0"/>
						<line number="572" hits="0"/>
						<line number="581" hits="0"/>
						<line number="583" hits="0"/>
						<line number="585" hits="0"/>
						<line number="587" hits="0"/>
						<line number="588" hits="0"/>
						<line number="590" hits="0"/>
						<line number="592" hits="0"/>
						<line number="602" hits="0"/>
						<line number="603" hits="0"/>
						<line number="605" hits="0"/>
						<line number="607" hits="0"/>
						<line number="609" hits="0"/>
						<line number="612" hits="0"/>
						<line number="616" hits="0"/>
						<line number="617" hits="0"/>
						<line number="620" hits="0"/>
						<line number="621" hits="0"/>
						<line number="622" hits="0"/>
						<line number="624" hits="0"/>
						<line number="626" hits="0"/>
						<line number="629" hits="0"/>
						<line number="632" hits="0"/>
						<line number="633" hits="0"/>
						<line number="635" hits="0"/>
						<line number="637" hits="0"/>
						<line number="639" hits="0"/>
						<line number="653" hits="0"/>
						<line number="654" hits="0"/>
						<line number="656" hits="0"/>
						<line number="657" hits="0"/>
						<line number="659" hits="0"/>
						<line number="660" hits="0"/>
						<line number="663" hits="0"/>
						<line number="666" hits="0"/>
						<line number="668" hits="0"/>
						<line number="671" hits="0"/>
						<line number="673" hits="0"/>
						<line number="675" hits="0"/>
						<line number="687" hits="0"/>
						<line number="689" hits="0"/>
						<line number="701" hits="0"/>
						<line number="702" hits="0"/>
						<line number="703" hits="0"/>
						<line number="705" hits="0"/>
						<line number="706" hits="0"/>
						<line number="708" hits="0"/>
						<line number="710" hits="0"/>
						<line number="711" hits="0"/>
						<line number="713" hits="0"/>
						<line number="714" hits="0"/>
						<line number="716" hits="0"/>
						<line number="717" hits="0"/>
						<line number="718" hits="0"/>
						<line number="719" hits="0"/>
						<line number="720" hits="0"/>
						<line number="721" hits="0"/>
						<line number="722" hits="0"/>
						<line number="724" hits="0"/>
						<line number="727" hits="0"/>
						<line number="728" hits="0"/>
						<line number="730" hits="0"/>
						<line number="743" hits="0"/>
						<line number="744" hits="0"/>
						<line number="745" hits="0"/>
						<line number="747" hits="0"/>
						<line number="748" hits="0"/>
						<line number="750" hits="0"/>
						<line number="751" hits="0"/>
						<line number="752" hits="0"/>
						<line number="753" hits="0"/>
						<line number="754" hits="0"/>
						<line number="755" hits="0"/>
						<line number="758" hits="0"/>
						<line number="759" hits="0"/>
						<line number="761" hits="0"/>
						<line number="764" hits="0"/>
						<line number="765" hits="0"/>
						<line number="767" hits="0"/>
						<line number="776" hits="0"/>
						<line number="777" hits="0"/>
						<line number="778" hits="0"/>
						<line number="779" hits="0"/>
						<line number="780" hits="0"/>
						<line number="788" hits="0"/>
						<line number="800" hits="0"/>
						<line number="821" hits="0"/>
						<line number="829" hits="0"/>
						<line number="838" hits="0"/>
						<line number="848" hits="0"/>
						<line number="858" hits="0"/>
						<line number="860" hits="0"/>
						<line number="862" hits="0"/>
						<line number="864" hits="0"/>
						<line number="866" hits="0"/>
						<line number="871" hits="0"/>
						<line number="872" hits="0"/>
						<line number="874" hits="0"/>
						<line number="884" hits="0"/>
						<line number="891" hits="0"/>
						<line number="892" hits="0"/>
						<line number="895" hits="0"/>
						<line number="902" hits="0"/>
						<line number="909" hits="0"/>
						<line number="916" hits="0"/>
						<line number="922" hits="0"/>
						<line number="928" hits="0"/>
						<line number="933" hits="0"/>
						<line number="953" hits="0"/>
						<line number="961" hits="0"/>
						<line number="966" hits="0"/>
						<line number="967" hits="0"/>
						<line number="971" hits="0"/>
						<line number="977" hits="0"/>
						<line number="978" hits="0"/>
						<line number="980" hits="0"/>
						<line number="986" hits="0"/>
						<line number="988" hits="0"/>
						<line number="989" hits="0"/>
						<line number="991" hits="0"/>
						<line number="992" hits="0"/>
						<line number="995" hits="0"/>
						<line number="1007" hits="0"/>
						<line number="1008" hits="0"/>
						<line number="1010" hits="0"/>
						<line number="1017" hits="0"/>
						<line number="1018" hits="0"/>
						<line number="1019" hits="0"/>
						<line number="1022" hits="0"/>
						<line number="1025" hits="0"/>
						<line number="1030" hits="0"/>
						<line number="1033" hits="0"/>
						<line number="1034" hits="0"/>
						<line number="1039" hits="0"/>
						<line number="1040" hits="0"/>
						<line number="1041" hits="0"/>
						<line number="1042" hits="0"/>
						<line number="1045" hits="0"/>
						<line number="1064" hits="0"/>
						<line number="1081" hits="0"/>
						<line number="1082" hits="0"/>
						<line number="1083" hits="0"/>
						<line number="1086" hits="0"/>
						<line number="1087" hits="0"/>
						<line number="1088" hits="0"/>
						<line number="1089" hits="0"/>
						<line number="1090" hits="0"/>
						<line number="1091" hits="0"/>
						<line number="1092" hits="0"/>
						<line number="1095" hits="0"/>
						<line number="1097" hits="0"/>
						<line number="1099" hits="0"/>
						<line number="1102" hits="0"/>
						<line number="1103" hits="0"/>
						<line number="1104" hits="0"/>
						<line number="1106" hits="0"/>
						<line number="1107" hits="0"/>
						<line number="1109" hits="0"/>
						<line number="1110" hits="0"/>
						<line number="1112" hits="0"/>
						<line number="1113" hits="0"/>
						<line number="1115" hits="0"/>
						<line number="1116" hits="0"/>
						<line number="1119" hits="0"/>
						<line number="1120" hits="0"/>
						<line number="1122" hits="0"/>
						<line number="1124" hits="0"/>
						<line number="1127" hits="0"/>
						<line number="1177" hits="0"/>
						<line number="1181" hits="0"/>
						<line number="1182" hits="0"/>
						<line number="1183" hits="0"/>
						<line number="1185" hits="0"/>
						<line number="1213" hits="0"/>
						<line number="1215" hits="0"/>
						<line number="1216" hits="0"/>
						<line number="1217" hits="0"/>
						<line number="1218" hits="0"/>
						<line number="1219" hits="0"/>
						<line number="1221" hits="0"/>
						<line number="1222" hits="0"/>
						<line number="1223" hits="0"/>
						<line number="1226" hits="0"/>
						<line number="1227" hits="0"/>
						<line number="1230" hits="0"/>
						<line number="1232" hits="0"/>
						<line number="1234" hits="0"/>
						<line number="1235" hits="0"/>
						<line number="1238" hits="0"/>
						<line number="1241" hits="0"/>
						<line number="1253" hits="0"/>
						<line number="1261" hits="0"/>
						<line number="1262" hits="0"/>
						<line number="1265" hits="0"/>
						<line number="1269" hits="0"/>
						<line number="1270" hits="0"/>
						<line number="1271" hits="0"/>
						<line number="1272" hits="0"/>
						<line number="1274" hits="0"/>
						<line number="1278" hits="0"/>
						<line number="1279" hits="0"/>
						<line number="1285" hits="0"/>
						<line number="1286" hits="0"/>
						<line number="1287" hits="0"/>
						<line number="1288" hits="0"/>
						<line number="1289" hits="0"/>
						<line number="1291" hits="0"/>
						<line number="1304" hits="0"/>
						<line number="1306" hits="0"/>
						<line number="1307" hits="0"/>
						<line number="1309" hits="0"/>
						<line number="1313" hits="0"/>
						<line number="1314" hits="0"/>
						<line number="1320" hits="0"/>
						<line number="1321" hits="0"/>
						<line number="1322" hits="0"/>
						<line number="1323" hits="0"/>
						<line number="1324" hits="0"/>
						<line number="1327" hits="0"/>
						<line number="1328" hits="0"/>
						<line number="1330" hits="0"/>
						<line number="1331" hits="0"/>
						<line number="1333" hits="0"/>
						<line number="1334" hits="0"/>
						<line number="1347" hits="0"/>
						<line number="1348" hits="0"/>
						<line number="1349" hits="0"/>
						<line number="1350" hits="0"/>
						<line number="1352" hits="0"/>
						<line number="1353" hits="0"/>
						<line number="1355" hits="0"/>
						<line number="1366" hits="0"/>
						<line number="1367" hits="0"/>
						<line number="1368" hits="0"/>
						<line number="1370" hits="0"/>
						<line number="1388" hits="0"/>
						<line number="1392" hits="0"/>
						<line number="1393" hits="0"/>
						<line number="1397" hits="0"/>
						<line number="1405" hits="0"/>
						<line number="1410" hits="0"/>
						<line number="1411" hits="0"/>
						<line number="1414" hits="0"/>
						<line number="1419" hits="0"/>
						<line number="1421" hits="0"/>
						<line number="1422" hits="0"/>
						<line number="1423" hits="0"/>
						<line number="1427" hits="0"/>
						<line number="1428" hits="0"/>
						<line number="1432" hits="0"/>
						<line number="1434" hits="0"/>
						<line number="1463" hits="0"/>
						<line number="1464" hits="0"/>
						<line number="1467" hits="0"/>
						<line number="1468" hits="0"/>
						<line number="1473" hits="0"/>
						<line number="1474" hits="0"/>
						<line number="1475" hits="0"/>
						<line number="1477" hits="0"/>
						<line number="1480" hits="0"/>
						<line number="1481" hits="0"/>
						<line number="1482" hits="0"/>
						<line number="1484" hits="0"/>
						<line number="1490" hits="0"/>
						<line number="1515" hits="0"/>
						<line number="1516" hits="0"/>
						<line number="1519" hits="0"/>
						<line number="1520" hits="0"/>
						<line number="1521" hits="0"/>
						<line number="1522" hits="0"/>
						<line number="1523" hits="0"/>
						<line number="1524" hits="0"/>
						<line number="1526" hits="0"/>
						<line number="1527" hits="0"/>
						<line number="1531" hits="0"/>
						<line number="1533" hits="0"/>
						<line number="1540" hits="0"/>
						<line number="1542" hits="0"/>
						<line number="1552" hits="0"/>
						<line number="1553" hits="0"/>
						<line number="1554" hits="0"/>
						<line number="1555" hits="0"/>
						<line number="1556" hits="0"/>
						<line number="1557" hits="0"/>
						<line number="1561" hits="0"/>
						<line number="1575" hits="0"/>
						<line number="1576" hits="0"/>
						<line number="1596" hits="0"/>
						<line number="1597" hits="0"/>
						<line number="1598" hits="0"/>
						<line number="1601" hits="0"/>
						<line number="1602" hits="0"/>
						<line number="1609" hits="0"/>
						<line number="1610" hits="0"/>
						<line number="1612" hits="0"/>
						<line number="1616" hits="0"/>
						<line number="1620" hits="0"/>
						<line number="1633" hits="0"/>
						<line number="1637" hits="0"/>
						<line number="1642" hits="0"/>
						<line number="1643" hits="0"/>
						<line number="1657" hits="0"/>
						<line number="1662" hits="0"/>
						<line number="1669" hits="0"/>
						<line number="1709" hits="0"/>
						<line number="1710" hits="0"/>
						<line number="1711" hits="0"/>
						<line number="1712" hits="0"/>
						<line number="1713" hits="0"/>
						<line number="1714" hits="0"/>
						<line number="1715" hits="0"/>
						<line number="1721" hits="0"/>
						<line number="1722" hits="0"/>
						<line number="1724" hits="0"/>
						<line number="1748" hits="0"/>
						<line number="1749" hits="0"/>
						<line number="1752" hits="0"/>
						<line number="1755" hits="0"/>
						<line number="1760" hits="0"/>
						<line number="1761" hits="0"/>
						<line number="1762" hits="0"/>
						<line number="1764" hits="0"/>
						<line number="1767" hits="0"/>
						<line number="1768" hits="0"/>
						<line number="1769" hits="0"/>
						<line number="1771" hits="0"/>
						<line number="1775" hits="0"/>
						<line number="1778" hits="0"/>
						<line number="1781" hits="0"/>
						<line number="1782" hits="0"/>
						<line number="1785" hits="0"/>
						<line number="1786" hits="0"/>
						<line number="1787" hits="0"/>
						<line number="1788" hits="0"/>
						<line number="1789" hits="0"/>
						<line number="1790" hits="0"/>
						<line number="1792" hits="0"/>
						<line number="1793" hits="0"/>
						<line number="1797" hits="0"/>
						<line number="1799" hits="0"/>
						<line number="1806" hits="0"/>
						<line number="1808" hits="0"/>
						<line number="1818" hits="0"/>
						<line number="1819" hits="0"/>
						<line number="1820" hits="0"/>
						<line number="1821" hits="0"/>
						<line number="1822" hits="0"/>
						<line number="1823" hits="0"/>
						<line number="1826" hits="0"/>
						<line number="1840" hits="0"/>
						<line number="1841" hits="0"/>
						<line number="1856" hits="0"/>
						<line number="1858" hits="0"/>
						<line number="1859" hits="0"/>
						<line number="1860" hits="0"/>
						<line number="1863" hits="0"/>
						<line number="1864" hits="0"/>
						<line number="1865" hits="0"/>
						<line number="1869" hits="0"/>
						<line number="1871" hits="0"/>
						<line number="1874" hits="0"/>
						<line number="1880" hits="0"/>
						<line number="1881" hits="0"/>
						<line number="1883" hits="0"/>
						<line number="1887" hits="0"/>
						<line number="1891" hits="0"/>
						<line number="1904" hits="0"/>
						<line number="1908" hits="0"/>
						<line number="1913" hits="0"/>
						<line number="1914" hits="0"/>
						<line number="1929" hits="0"/>
						<line number="1934" hits="0"/>
						<line number="1942" hits="0"/>
						<line number="1947" hits="0"/>
						<line number="1978" hits="0"/>
						<line number="1979" hits="0"/>
						<line number="1980" hits="0"/>
						<line number="1981" hits="0"/>
						<line number="1982" hits="0"/>
						<line number="1983" hits="0"/>
						<line number="1985" hits="0"/>
						<line number="2009" hits="0"/>
						<line number="2012" hits="0"/>
						<line number="2013" hits="0"/>
						<line number="2014" hits="0"/>
						<line number="2015" hits="0"/>
						<line number="2017" hits="0"/>
						<line number="2019" hits="0"/>
						<line number="2020" hits="0"/>
						<line number="2022" hits="0"/>
						<line number="2024" hits="0"/>
						<line number="2025" hits="0"/>
						<line number="2027" hits="0"/>
						<line number="2029" hits="0"/>
						<line number="2056" hits="0"/>
						<line number="2059" hits="0"/>
						<line number="2061" hits="0"/>
						<line number="2063" hits="0"/>
						<line number="2094" hits="0"/>
						<line number="2095" hits="0"/>
						<line number="2098" hits="0"/>
						<line number="2101" hits="0"/>
						<line number="2109" hits="0"/>
						<line number="2144" hits="0"/>
						<line number="2146" hits="0"/>
						<line number="2152" hits="0"/>
						<line number="2169" hits="0"/>
						<line number="2170" hits="0"/>
						<line number="2171" hits="0"/>
						<line number="2172" hits="0"/>
						<line number="2173" hits="0"/>
						<line number="2175" hits="0"/>
						<line number="2191" hits="0"/>
						<line number="2193" hits="0"/>
						<line number="2194" hits="0"/>
						<line number="2195" hits="0"/>
						<line number="2196" hits="0"/>
						<line number="2199" hits="0"/>
						<line number="2214" hits="0"/>
						<line number="2215" hits="0"/>
						<line number="2216" hits="0"/>
						<line number="2217" hits="0"/>
						<line number="2218" hits="0"/>
						<line number="2220" hits="0"/>
						<line number="2241" hits="0"/>
						<line number="2242" hits="0"/>
						<line number="2258" hits="0"/>
						<line number="2268" hits="0"/>
						<line number="2274" hits="0"/>
						<line number="2275" hits="0"/>
						<line number="2276" hits="0"/>
						<line number="2277" hits="0"/>
						<line number="2279" hits="0"/>
						<line number="2284" hits="0"/>
						<line number="2286" hits="0"/>
						<line number="2287" hits="0"/>
						<line number="2288" hits="0"/>
						<line number="2289" hits="0"/>
						<line number="2291" hits="0"/>
						<line number="2306" hits="0"/>
						<line number="2307" hits="0"/>
						<line number="2309" hits="0"/>
						<line number="2310" hits="0"/>
						<line number="2311" hits="0"/>
						<line number="2312" hits="0"/>
						<line number="2313" hits="0"/>
						<line number="2317" hits="0"/>
						<line number="2319" hits="0"/>
						<line number="2322" hits="0"/>
						<line number="2333" hits="0"/>
						<line number="2336" hits="0"/>
						<line number="2352" hits="0"/>
						<line number="2354" hits="0"/>
						<line number="2380" hits="0"/>
						<line number="2381" hits="0"/>
						<line number="2385" hits="0"/>
						<line number="2387" hits="0"/>
						<line number="2391" hits="0"/>
						<line number="2394" hits="0"/>
						<line number="2396" hits="0"/>
						<line number="2434" hits="0"/>
						<line number="2435" hits="0"/>
						<line number="2436" hits="0"/>
						<line number="2439" hits="0"/>
						<line number="2445" hits="0"/>
						<line number="2450" hits="0"/>
						<line number="2454" hits="0"/>
						<line number="2457" hits="0"/>
						<line number="2458" hits="0"/>
						<line number="2459" hits="0"/>
						<line number="2463" hits="0"/>
						<line number="2464" hits="0"/>
						<line number="2469" hits="0"/>
						<line number="2472" hits="0"/>
						<line number="2474" hits="0"/>
						<line number="2475" hits="0"/>
						<line number="2478" hits="0"/>
						<line number="2481" hits="0"/>
						<line number="2484" hits="0"/>
						<line number="2485" hits="0"/>
						<line number="2487" hits="0"/>
						<line number="2497" hits="0"/>
						<line number="2499" hits="0"/>
						<line number="2502" hits="0"/>
						<line number="2505" hits="0"/>
						<line number="2508" hits="0"/>
						<line number="2509" hits="0"/>
						<line number="2511" hits="0"/>
						<line number="2512" hits="0"/>
						<line number="2514" hits="0"/>
						<line number="2515" hits="0"/>
						<line number="2517" hits="0"/>
						<line number="2518" hits="0"/>
						<line number="2520" hits="0"/>
						<line number="2523" hits="0"/>
						<line number="2526" hits="0"/>
						<line number="2528" hits="0"/>
						<line number="2529" hits="0"/>
						<line number="2532" hits="0"/>
						<line number="2536" hits="0"/>
						<line number="2537" hits="0"/>
						<line number="2538" hits="0"/>
						<line number="2540" hits="0"/>
						<line number="2542" hits="0"/>
						<line number="2553" hits="0"/>
						<line number="2555" hits="0"/>
						<line number="2556" hits="0"/>
						<line number="2557" hits="0"/>
						<line number="2559" hits="0"/>
						<line number="2560" hits="0"/>
						<line number="2561" hits="0"/>
						<line number="2563" hits="0"/>
						<line number="2566" hits="0"/>
						<line number="2568" hits="0"/>
						<line number="2569" hits="0"/>
						<line number="2571" hits="0"/>
						<line number="2572" hits="0"/>
						<line number="2574" hits="0"/>
						<line number="2575" hits="0"/>
						<line number="2577" hits="0"/>
						<line number="2603" hits="0"/>
						<line number="2612" hits="0"/>
						<line number="2614" hits="0"/>
						<line number="2616" hits="0"/>
						<line number="2664" hits="0"/>
						<line number="2665" hits="0"/>
						<line number="2667" hits="0"/>
						<line number="2672" hits="0"/>
						<line number="2674" hits="0"/>
						<line number="2675" hits="0"/>
						<line number="2681" hits="0"/>
						<line number="2683" hits="0"/>
						<line number="2696" hits="0"/>
						<line number="2698" hits="0"/>
						<line number="2700" hits="0"/>
						<line number="2710" hits="0"/>
						<line number="2711" hits="0"/>
						<line number="2712" hits="0"/>
						<line number="2715" hits="0"/>
						<line number="2716" hits="0"/>
						<line number="2718" hits="0"/>
						<line number="2721" hits="0"/>
						<line number="2722" hits="0"/>
						<line number="2724" hits="0"/>
						<line number="2725" hits="0"/>
						<line number="2726" hits="0"/>
						<line number="2727" hits="0"/>
						<line number="2728" hits="0"/>
						<line number="2729" hits="0"/>
						<line number="2731" hits="0"/>
						<line number="2732" hits="0"/>
						<line number="2733" hits="0"/>
						<line number="2735" hits="0"/>
						<line number="2736" hits="0"/>
						<line number="2737" hits="0"/>
						<line number="2739" hits="0"/>
						<line number="2740" hits="0"/>
						<line number="2742" hits="0"/>
						<line number="2744" hits="0"/>
						<line number="2746" hits="0"/>
						<line number="2748" hits="0"/>
						<line number="2754" hits="0"/>
						<line number="2755" hits="0"/>
						<line number="2757" hits="0"/>
						<line number="2765" hits="0"/>
						<line number="2766" hits="0"/>
						<line number="2767" hits="0"/>
						<line number="2769" hits="0"/>
						<line number="2771" hits="0"/>
						<line number="2777" hits="0"/>
						<line number="2778" hits="0"/>
						<line number="2780" hits="0"/>
						<line number="2796" hits="0"/>
						<line number="2797" hits="0"/>
						<line number="2800" hits="0"/>
						<line number="2802" hits="0"/>
						<line number="2803" hits="0"/>
						<line number="2805" hits="0"/>
						<line number="2807" hits="0"/>
						<line number="2808" hits="0"/>
						<line number="2809" hits="0"/>
						<line number="2810" hits="0"/>
						<line number="2811" hits="0"/>
						<line number="2812" hits="0"/>
						<line number="2815" hits="0"/>
						<line number="2816" hits="0"/>
						<line number="2817" hits="0"/>
						<line number="2818" hits="0"/>
						<line number="2819" hits="0"/>
						<line number="2820" hits="0"/>
						<line number="2821" hits="0"/>
						<line number="2822" hits="0"/>
						<line number="2825" hits="0"/>
						<line number="2826" hits="0"/>
						<line number="2827" hits="0"/>
						<line number="2830" hits="0"/>
						<line number="2839" hits="0"/>
						<line number="2840" hits="0"/>
						<line number="2841" hits="0"/>
						<line number="2847" hits="0"/>
						<line number="2849" hits="0"/>
						<line number="2881" hits="0"/>
						<line number="2883" hits="0"/>
						<line number="2915" hits="0"/>
						<line number="2916" hits="0"/>
						<line number="2917" hits="0"/>
						<line number="2918" hits="0"/>
						<line number="2919" hits="0"/>
						<line number="2920" hits="0"/>
						<line number="2921" hits="0"/>
						<line number="2922" hits="0"/>
						<line number="2931" hits="0"/>
						<line number="2933" hits="0"/>
						<line number="2955" hits="0"/>
						<line number="2956" hits="0"/>
						<line number="2958" hits="0"/>
						<line number="2962" hits="0"/>
						<line number="2964" hits="0"/>
						<line number="2981" hits="0"/>
						<line number="2985" hits="0"/>
						<line number="2987" hits="0"/>
						<line number="2989" hits="0"/>
						<line number="2990" hits="0"/>
						<line number="2992" hits="0"/>
						<line number="2993" hits="0"/>
						<line number="2998" hits="0"/>
						<line number="3000" hits="0"/>
						<line number="3002" hits="0"/>
						<line number="3003" hits="0"/>
						<line number="3004" hits="0"/>
						<line number="3006" hits="0"/>
						<line number="3032" hits="0"/>
						<line number="3033" hits="0"/>
						<line number="3034" hits="0"/>
						<line number="3036" hits="0"/>
						<line number="3038" hits="0"/>
						<line number="3067" hits="0"/>
						<line number="3076" hits="0"/>
						<line number="3089" hits="0"/>
						<line number="3093" hits="0"/>
						<line number="3105" hits="0"/>
						<line number="3110" hits="0"/>
						<line number="3113" hits="0"/>
						<line number="3121" hits="0"/>
						<line number="3122" hits="0"/>
						<line number="3123" hits="0"/>
						<line number="3124" hits="0"/>
						<line number="3125" hits="0"/>
						<line number="3126" hits="0"/>
						<line number="3128" hits="0"/>
						<line number="3130" hits="0"/>
						<line number="3131" hits="0"/>
						<line number="3133" hits="0"/>
						<line number="3135" hits="0"/>
						<line number="3138" hits="0"/>
						<line number="3139" hits="0"/>
						<line number="3140" hits="0"/>
						<line number="3143" hits="0"/>
						<line number="3148" hits="0"/>
						<line number="3153" hits="0"/>
						<line number="3212" hits="0"/>
						<line number="3213" hits="0"/>
						<line number="3214" hits="0"/>
						<line number="3215" hits="0"/>
						<line number="3216" hits="0"/>
						<line number="3219" hits="0"/>
						<line number="3221" hits="0"/>
						<line number="3224" hits="0"/>
						<line number="3226" hits="0"/>
						<line number="3227" hits="0"/>
						<line number="3228" hits="0"/>
						<line number="3229" hits="0"/>
						<line number="3231" hits="0"/>
						<line number="3233" hits="0"/>
						<line number="3237" hits="0"/>
						<line number="3238" hits="0"/>
						<line number="3243" hits="0"/>
						<line number="3244" hits="0"/>
						<line number="3247" hits="0"/>
						<line number="3251" hits="0"/>
						<line number="3252" hits="0"/>
						<line number="3257" hits="0"/>
						<line number="3258" hits="0"/>
						<line number="3261" hits="0"/>
						<line number="3263" hits="0"/>
						<line number="3266" hits="0"/>
						<line number="3268" hits="0"/>
						<line number="3269" hits="0"/>
						<line number="3270" hits="0"/>
						<line number="3275" hits="0"/>
						<line number="3276" hits="0"/>
						<line number="3279" hits="0"/>
						<line number="3280" hits="0"/>
						<line number="3282" hits="0"/>
						<line number="3283" hits="0"/>
						<line number="3284" hits="0"/>
						<line number="3285" hits="0"/>
						<line number="3286" hits="0"/>
						<line number="3287" hits="0"/>
						<line number="3296" hits="0"/>
						<line number="3297" hits="0"/>
						<line number="3304" hits="0"/>
						<line number="3307" hits="0"/>
						<line number="3308" hits="0"/>
						<line number="3309" hits="0"/>
						<line number="3311" hits="0"/>
						<line number="3312" hits="0"/>
						<line number="3316" hits="0"/>
						<line number="3317" hits="0"/>
						<line number="3319" hits="0"/>
						<line number="3322" hits="0"/>
						<line number="3326" hits="0"/>
						<line number="3327" hits="0"/>
						<line number="3328" hits="0"/>
						<line number="3332" hits="0"/>
						<line number="3333" hits="0"/>
						<line number="3339" hits="0"/>
						<line number="3342" hits="0"/>
						<line number="3344" hits="0"/>
						<line number="3347" hits="0"/>
						<line number="3349" hits="0"/>
						<line number="3350" hits="0"/>
						<line number="3351" hits="0"/>
						<line number="3355" hits="0"/>
						<line number="3356" hits="0"/>
						<line number="3362" hits="0"/>
						<line number="3363" hits="0"/>
						<line number="3366" hits="0"/>
						<line number="3367" hits="0"/>
						<line number="3368" hits="0"/>
						<line number="3376" hits="0"/>
						<line number="3377" hits="0"/>
						<line number="3384" hits="0"/>
						<line number="3385" hits="0"/>
						<line number="3386" hits="0"/>
						<line number="3388" hits="0"/>
						<line number="3394" hits="0"/>
						<line number="3396" hits="0"/>
						<line number="3397" hits="0"/>
						<line number="3398" hits="0"/>
						<line number="3399" hits="0"/>
						<line number="3407" hits="0"/>
						<line number="3408" hits="0"/>
						<line number="3415" hits="0"/>
						<line number="3417" hits="0"/>
						<line number="3419" hits="0"/>
						<line number="3420" hits="0"/>
						<line number="3423" hits="0"/>
						<line number="3426" hits="0"/>
						<line number="3427" hits="0"/>
						<line number="3434" hits="0"/>
						<line number="3436" hits="0"/>
						<line number="3443" hits="0"/>
						<line number="3446" hits="0"/>
						<line number="3447" hits="0"/>
						<line number="3448" hits="0"/>
						<line number="3449" hits="0"/>
						<line number="3457" hits="0"/>
						<line number="3458" hits="0"/>
						<line number="3465" hits="0"/>
						<line number="3466" hits="0"/>
						<line number="3469" hits="0"/>
						<line number="3471" hits="0"/>
						<line number="3472" hits="0"/>
						<line number="3473" hits="0"/>
						<line number="3474" hits="0"/>
						<line number="3475" hits="0"/>
						<line number="3476" hits="0"/>
						<line number="3484" hits="0"/>
						<line number="3485" hits="0"/>
						<line number="3492" hits="0"/>
						<line number="3497" hits="0"/>
						<line number="3499" hits="0"/>
						<line number="3502" hits="0"/>
						<line number="3503" hits="0"/>
						<line number="3504" hits="0"/>
						<line number="3505" hits="0"/>
						<line number="3507" hits="0"/>
						<line number="3509" hits="0"/>
						<line number="3512" hits="0"/>
						<line number="3515" hits="0"/>
						<line number="3517" hits="0"/>
						<line number="3518" hits="0"/>
						<line number="3521" hits="0"/>
						<line number="3523" hits="0"/>
						<line number="3530" hits="0"/>
						<line number="3531" hits="0"/>
						<line number="3532" hits="0"/>
						<line number="3534" hits="0"/>
						<line number="3541" hits="0"/>
						<line number="3542" hits="0"/>
						<line number="3543" hits="0"/>
						<line number="3547" hits="0"/>
						<line number="3552" hits="0"/>
						<line number="3553" hits="0"/>
						<line number="3554" hits="0"/>
						<line number="3558" hits="0"/>
						<line number="3560" hits="0"/>
						<line number="3561" hits="0"/>
						<line number="3562" hits="0"/>
						<line number="3564" hits="0"/>
						<line number="3573" hits="0"/>
						<line number="3574" hits="0"/>
						<line number="3579" hits="0"/>
						<line number="3584" hits="0"/>
						<line number="3596" hits="0"/>
						<line number="3597" hits="0"/>
						<line number="3600" hits="0"/>
						<line number="3601" hits="0"/>
						<line number="3617" hits="0"/>
						<line number="3618" hits="0"/>
						<line number="3621" hits="0"/>
						<line number="3623" hits="0"/>
						<line number="3626" hits="0"/>
						<line number="3627" hits="0"/>
						<line number="3630" hits="0"/>
						<line number="3631" hits="0"/>
						<line number="3633" hits="0"/>
						<line number="3636" hits="0"/>
						<line number="3652" hits="0"/>
						<line number="3653" hits="0"/>
						<line number="3655" hits="0"/>
						<line number="3656" hits="0"/>
						<line number="3657" hits="0"/>
						<line number="3658" hits="0"/>
						<line number="3659" hits="0"/>
						<line number="3662" hits="0"/>
						<line number="3663" hits="0"/>
						<line number="3664" hits="0"/>
						<line number="3667" hits="0"/>
						<line number="3668" hits="0"/>
						<line number="3669" hits="0"/>
						<line number="3671" hits="0"/>
						<line number="3672" hits="0"/>
						<line number="3673" hits="0"/>
						<line number="3675" hits="0"/>
						<line number="3676" hits="0"/>
						<line number="3677" hits="0"/>
						<line number="3678" hits="0"/>
						<line number="3679" hits="0"/>
						<line number="3680" hits="0"/>
						<line number="3682" hits="0"/>
						<line number="3684" hits="0"/>
						<line number="3687" hits="0"/>
						<line number="3695" hits="0"/>
						<line number="3697" hits="0"/>
						<line number="3698" hits="0"/>
						<line number="3699" hits="0"/>
						<line number="3700" hits="0"/>
						<line number="3701" hits="0"/>
						<line number="3703" hits="0"/>
						<line number="3706" hits="0"/>
						<line number="3721" hits="0"/>
						<line number="3722" hits="0"/>
						<line number="3723" hits="0"/>
						<line number="3724" hits="0"/>
						<line number="3727" hits="0"/>
						<line number="3728" hits="0"/>
						<line number="3732" hits="0"/>
						<line number="3735" hits="0"/>
						<line number="3736" hits="0"/>
						<line number="3737" hits="0"/>
						<line number="3742" hits="0"/>
						<line number="3787" hits="0"/>
						<line number="3788" hits="0"/>
						<line number="3790" hits="0"/>
						<line number="3792" hits="0"/>
						<line number="3793" hits="0"/>
						<line number="3794" hits="0"/>
						<line number="3795" hits="0"/>
						<line number="3796" hits="0"/>
						<line number="3797" hits="0"/>
						<line number="3799" hits="0"/>
						<line number="3802" hits="0"/>
						<line number="3804" hits="0"/>
						<line number="3805" hits="0"/>
						<line number="3808" hits="0"/>
						<line number="3811" hits="0"/>
						<line number="3812" hits="0"/>
						<line number="3816" hits="0"/>
						<line number="3818" hits="0"/>
						<line number="3821" hits="0"/>
						<line number="3822" hits="0"/>
						<line number="3824" hits="0"/>
						<line number="3827" hits="0"/>
						<line number="3828" hits="0"/>
						<line number="3829" hits="0"/>
						<line number="3830" hits="0"/>
						<line number="3831" hits="0"/>
						<line number="3832" hits="0"/>
						<line number="3834" hits="0"/>
						<line number="3837" hits="0"/>
						<line number="3839" hits="0"/>
						<line number="3840" hits="0"/>
						<line number="3843" hits="0"/>
						<line number="3846" hits="0"/>
						<line number="3847" hits="0"/>
						<line number="3851" hits="0"/>
						<line number="3853" hits="0"/>
						<line number="3856" hits="0"/>
						<line number="3857" hits="0"/>
						<line number="3859" hits="0"/>
						<line number="3861" hits="0"/>
						<line number="3884" hits="0"/>
						<line number="3896" hits="0"/>
						<line number="3897" hits="0"/>
						<line number="3898" hits="0"/>
						<line number="3899" hits="0"/>
						<line number="3900" hits="0"/>
						<line number="3902" hits="0"/>
						<line number="3903" hits="0"/>
						<line number="3904" hits="0"/>
						<line number="3905" hits="0"/>
						<line number="3906" hits="0"/>
						<line number="3907" hits="0"/>
						<line number="3908" hits="0"/>
						<line number="3913" hits="0"/>
						<line number="3914" hits="0"/>
						<line number="3915" hits="0"/>
						<line number="3916" hits="0"/>
						<line number="3917" hits="0"/>
						<line number="3938" hits="0"/>
						<line number="3940" hits="0"/>
						<line number="3956" hits="0"/>
						<line number="3958" hits="0"/>
						<line number="3959" hits="0"/>
						<line number="3960" hits="0"/>
						<line number="3965" hits="0"/>
						<line number="3967" hits="0"/>
						<line number="3977" hits="0"/>
						<line number="4013" hits="0"/>
						<line number="4015" hits="0"/>
						<line number="4018" hits="0"/>
						<line number="4025" hits="0"/>
						<line number="4032" hits="0"/>
						<line number="4035" hits="0"/>
						<line number="4048" hits="0"/>
						<line number="4049" hits="0"/>
						<line number="4050" hits="0"/>
						<line number="4052" hits="0"/>
						<line number="4053" hits="0"/>
						<line number="4054" hits="0"/>
						<line number="4055" hits="0"/>
						<line number="4059" hits="0"/>
						<line number="4060" hits="0"/>
						<line number="4061" hits="0"/>
						<line number="4062" hits="0"/>
						<line number="4066" hits="0"/>
						<line number="4071" hits="0"/>
						<line number="4075" hits="0"/>
						<line number="4078" hits="0"/>
						<line number="4130" hits="0"/>
						<line number="4132" hits="0"/>
						<line number="4133" hits="0"/>
						<line number="4135" hits="0"/>
						<line number="4137" hits="0"/>
						<line number="4138" hits="0"/>
						<line number="4139" hits="0"/>
						<line number="4140" hits="0"/>
						<line number="4142" hits="0"/>
						<line number="4143" hits="0"/>
						<line number="4144" hits="0"/>
						<line number="4145" hits="0"/>
						<line number="4146" hits="0"/>
						<line number="4150" hits="0"/>
						<line number="4158" hits="0"/>
						<line number="4161" hits="0"/>
						<line number="4167" hits="0"/>
						<line number="4168" hits="0"/>
						<line number="4171" hits="0"/>
						<line number="4172" hits="0"/>
						<line number="4173" hits="0"/>
						<line number="4176" hits="0"/>
						<line number="4177" hits="0"/>
						<line number="4181" hits="0"/>
						<line number="4184" hits="0"/>
						<line number="4199" hits="0"/>
						<line number="4200" hits="0"/>
						<line number="4203" hits="0"/>
						<line number="4205" hits="0"/>
						<line number="4208" hits="0"/>
						<line number="4209" hits="0"/>
						<line number="4210" hits="0"/>
						<line number="4211" hits="0"/>
						<line number="4213" hits="0"/>
						<line number="4214" hits="0"/>
						<line number="4215" hits="0"/>
						<line number="4216" hits="0"/>
						<line number="4217" hits="0"/>
						<line number="4221" hits="0"/>
						<line number="4229" hits="0"/>
						<line number="4232" hits="0"/>
						<line number="4238" hits="0"/>
						<line number="4239" hits="0"/>
						<line number="4242" hits="0"/>
						<line number="4243" hits="0"/>
						<line number="4244" hits="0"/>
						<line number="4247" hits="0"/>
						<line number="4248" hits="0"/>
						<line number="4252" hits="0"/>
						<line number="4255" hits="0"/>
						<line number="4270" hits="0"/>
						<line number="4271" hits="0"/>
						<line number="4274" hits="0"/>
						<line number="4276" hits="0"/>
						<line number="4278" hits="0"/>
						<line number="4281" hits="0"/>
						<line number="4325" hits="0"/>
						<line number="4326" hits="0"/>
						<line number="4328" hits="0"/>
						<line number="4330" hits="0"/>
						<line number="4331" hits="0"/>
						<line number="4332" hits="0"/>
						<line number="4333" hits="0"/>
						<line number="4335" hits="0"/>
						<line number="4336" hits="0"/>
						<line number="4337" hits="0"/>
						<line number="4338" hits="0"/>
						<line number="4339" hits="0"/>
						<line number="4342" hits="0"/>
						<line number="4345" hits="0"/>
						<line number="4353" hits="0"/>
						<line number="4359" hits="0"/>
						<line number="4360" hits="0"/>
						<line number="4361" hits="0"/>
						<line number="4364" hits="0"/>
						<line number="4365" hits="0"/>
						<line number="4366" hits="0"/>
						<line number="4369" hits="0"/>
						<line number="4370" hits="0"/>
						<line number="4374" hits="0"/>
						<line number="4377" hits="0"/>
						<line number="4381" hits="0"/>
						<line number="4382" hits="0"/>
						<line number="4385" hits="0"/>
						<line number="4387" hits="0"/>
						<line number="4390" hits="0"/>
						<line number="4391" hits="0"/>
						<line number="4392" hits="0"/>
						<line number="4393" hits="0"/>
						<line number="4395" hits="0"/>
						<line number="4396" hits="0"/>
						<line number="4397" hits="0"/>
						<line number="4398" hits="0"/>
						<line number="4399" hits="0"/>
						<line number="4402" hits="0"/>
						<line number="4405" hits="0"/>
						<line number="4413" hits="0"/>
						<line number="4419" hits="0"/>
						<line number="4420" hits="0"/>
						<line number="4421" hits="0"/>
						<line number="4424" hits="0"/>
						<line number="4425" hits="0"/>
						<line number="4426" hits="0"/>
						<line number="4429" hits="0"/>
						<line number="4430" hits="0"/>
						<line number="4434" hits="0"/>
						<line number="4437" hits="0"/>
						<line number="4441" hits="0"/>
						<line number="4442" hits="0"/>
						<line number="4445" hits="0"/>
						<line number="4447" hits="0"/>
						<line number="4449" hits="0"/>
						<line number="4452" hits="0"/>
						<line number="4460" hits="0"/>
						<line number="4461" hits="0"/>
						<line number="4472" hits="0"/>
						<line number="4474" hits="0"/>
						<line number="4475" hits="0"/>
						<line number="4484" hits="0"/>
						<line number="4486" hits="0"/>
						<line number="4487" hits="0"/>
						<line number="4496" hits="0"/>
						<line number="4498" hits="0"/>
						<line number="4499" hits="0"/>
						<line number="4510" hits="0"/>
						<line number="4512" hits="0"/>
						<line number="4513" hits="0"/>
						<line number="4524" hits="0"/>
						<line number="4527" hits="0"/>
						<line number="4528" hits="0"/>
						<line number="4537" hits="0"/>
						<line number="4539" hits="0"/>
						<line number="4540" hits="0"/>
						<line number="4549" hits="0"/>
						<line number="4551" hits="0"/>
						<line number="4552" hits="0"/>
						<line number="4561" hits="0"/>
						<line number="4563" hits="0"/>
						<line number="4564" hits="0"/>
						<line number="4573" hits="0"/>
						<line number="4575" hits="0"/>
						<line number="4576" hits="0"/>
						<line number="4585" hits="0"/>
						<line number="4587" hits="0"/>
						<line number="4588" hits="0"/>
						<line number="4594" hits="0"/>
						<line number="4596" hits="0"/>
						<line number="4597" hits="0"/>
						<line number="4609" hits="0"/>
						<line number="4611" hits="0"/>
						<line number="4612" hits="0"/>
						<line number="4624" hits="0"/>
						<line number="4626" hits="0"/>
						<line number="4627" hits="0"/>
						<line number="4639" hits="0"/>
						<line number="4641" hits="0"/>
						<line number="4642" hits="0"/>
						<line number="4654" hits="0"/>
						<line number="4656" hits="0"/>
						<line number="4657" hits="0"/>
						<line number="4670" hits="0"/>
						<line number="4672" hits="0"/>
						<line number="4684" hits="0"/>
						<line number="4686" hits="0"/>
						<line number="4698" hits="0"/>
						<line number="4699" hits="0"/>
						<line number="4701" hits="0"/>
						<line number="4713" hits="0"/>
						<line number="4714" hits="0"/>
						<line number="4716" hits="0"/>
						<line number="4717" hits="0"/>
						<line number="4730" hits="0"/>
						<line number="4733" hits="0"/>
						<line number="4734" hits="0"/>
						<line number="4746" hits="0"/>
						<line number="4748" hits="0"/>
						<line number="4749" hits="0"/>
						<line number="4761" hits="0"/>
						<line number="4763" hits="0"/>
						<line number="4764" hits="0"/>
						<line number="4777" hits="0"/>
						<line number="4779" hits="0"/>
						<line number="4780" hits="0"/>
						<line number="4792" hits="0"/>
						<line number="4794" hits="0"/>
						<line number="4795" hits="0"/>
						<line number="4807" hits="0"/>
						<line number="4809" hits="0"/>
						<line number="4810" hits="0"/>
						<line number="4823" hits="0"/>
						<line number="4825" hits="0"/>
						<line number="4837" hits="0"/>
						<line number="4838" hits="0"/>
						<line number="4840" hits="0"/>
						<line number="4841" hits="0"/>
						<line number="4856" hits="0"/>
						<line number="4858" hits="0"/>
						<line number="4859" hits="0"/>
						<line number="4877" hits="0"/>
						<line number="4879" hits="0"/>
						<line number="4893" hits="0"/>
						<line number="4895" hits="0"/>
						<line number="4916" hits="0"/>
						<line number="4918" hits="0"/>
						<line number="4933" hits="0"/>
						<line number="4935" hits="0"/>
						<line number="4951" hits="0"/>
						<line number="4954" hits="0"/>
						<line number="4957" hits="0"/>
						<line number="5000" hits="0"/>
						<line number="5001" hits="0"/>
						<line number="5003" hits="0"/>
						<line number="5004" hits="0"/>
						<line number="5005" hits="0"/>
						<line number="5006" hits="0"/>
						<line number="5007" hits="0"/>
						<line number="5008" hits="0"/>
						<line number="5012" hits="0"/>
						<line number="5015" hits="0"/>
						<line number="5016" hits="0"/>
						<line number="5019" hits="0"/>
						<line number="5020" hits="0"/>
						<line number="5026" hits="0"/>
						<line number="5032" hits="0"/>
						<line number="5033" hits="0"/>
						<line number="5034" hits="0"/>
						<line number="5041" hits="0"/>
						<line number="5049" hits="0"/>
						<line number="5050" hits="0"/>
						<line number="5051" hits="0"/>
						<line number="5053" hits="0"/>
						<line number="5054" hits="0"/>
						<line number="5055" hits="0"/>
						<line number="5056" hits="0"/>
						<line number="5059" hits="0"/>
						<line number="5082" hits="0"/>
						<line number="5086" hits="0"/>
						<line number="5088" hits="0"/>
						<line number="5089" hits="0"/>
						<line number="5098" hits="0"/>
						<line number="5099" hits="0"/>
						<line number="5100" hits="0"/>
						<line number="5101" hits="0"/>
						<line number="5102" hits="0"/>
						<line number="5106" hits="0"/>
						<line number="5107" hits="0"/>
						<line number="5108" hits="0"/>
						<line number="5109" hits="0"/>
						<line number="5114" hits="0"/>
						<line number="5117" hits="0"/>
						<line number="5118" hits="0"/>
						<line number="5121" hits="0"/>
						<line number="5124" hits="0"/>
						<line number="5127" hits="0"/>
						<line number="5130" hits="0"/>
						<line number="5132" hits="0"/>
						<line number="5137" hits="0"/>
						<line number="5142" hits="0"/>
						<line number="5148" hits="0"/>
						<line number="5149" hits="0"/>
						<line number="5150" hits="0"/>
						<line number="5151" hits="0"/>
						<line number="5152" hits="0"/>
						<line number="5162" hits="0"/>
						<line number="5166" hits="0"/>
						<line number="5167" hits="0"/>
						<line number="5168" hits="0"/>
						<line number="5170" hits="0"/>
						<line number="5171" hits="0"/>
						<line number="5175" hits="0"/>
						<line number="5176" hits="0"/>
						<line number="5177" hits="0"/>
						<line number="5179" hits="0"/>
						<line number="5180" hits="0"/>
						<line number="5182" hits="0"/>
						<line number="5186" hits="0"/>
						<line number="5187" hits="0"/>
						<line number="5188" hits="0"/>
						<line number="5190" hits="0"/>
						<line number="5191" hits="0"/>
						<line number="5194" hits="0"/>
						<line number="5195" hits="0"/>
						<line number="5197" hits="0"/>
						<line number="5201" hits="0"/>
						<line number="5202" hits="0"/>
						<line number="5203" hits="0"/>
						<line number="5205" hits="0"/>
						<line number="5212" hits="0"/>
						<line number="5218" hits="0"/>
						<line number="5223" hits="0"/>
						<line number="5224" hits="0"/>
						<line number="5229" hits="0"/>
						<line number="5230" hits="0"/>
						<line number="5233" hits="0"/>
						<line number="5235" hits="0"/>
						<line number="5236" hits="0"/>
						<line number="5281" hits="0"/>
						<line number="5282" hits="0"/>
						<line number="5285" hits="0"/>
						<line number="5286" hits="0"/>
						<line number="5290" hits="0"/>
						<line number="5291" hits="0"/>
						<line number="5292" hits="0"/>
						<line number="5293" hits="0"/>
						<line number="5295" hits="0"/>
						<line number="5296" hits="0"/>
						<line number="5297" hits="0"/>
						<line number="5298" hits="0"/>
						<line number="5301" hits="0"/>
						<line number="5303" hits="0"/>
						<line number="5304" hits="0"/>
						<line number="5305" hits="0"/>
						<line number="5306" hits="0"/>
						<line number="5307" hits="0"/>
						<line number="5308" hits="0"/>
						<line number="5310" hits="0"/>
						<line number="5311" hits="0"/>
						<line number="5312" hits="0"/>
						<line number="5313" hits="0"/>
						<line number="5314" hits="0"/>
						<line number="5315" hits="0"/>
						<line number="5316" hits="0"/>
						<line number="5317" hits="0"/>
						<line number="5318" hits="0"/>
						<line number="5319" hits="0"/>
						<line number="5323" hits="0"/>
						<line number="5324" hits="0"/>
						<line number="5325" hits="0"/>
						<line number="5326" hits="0"/>
						<line number="5327" hits="0"/>
						<line number="5332" hits="0"/>
						<line number="5336" hits="0"/>
						<line number="5337" hits="0"/>
						<line number="5338" hits="0"/>
						<line number="5340" hits="0"/>
						<line number="5341" hits="0"/>
						<line number="5345" hits="0"/>
						<line number="5346" hits="0"/>
						<line number="5347" hits="0"/>
						<line number="5349" hits="0"/>
						<line number="5350" hits="0"/>
						<line number="5352" hits="0"/>
						<line number="5356" hits="0"/>
						<line number="5357" hits="0"/>
						<line number="5358" hits="0"/>
						<line number="5360" hits="0"/>
						<line number="5361" hits="0"/>
						<line number="5364" hits="0"/>
						<line number="5365" hits="0"/>
						<line number="5367" hits="0"/>
						<line number="5371" hits="0"/>
						<line number="5372" hits="0"/>
						<line number="5373" hits="0"/>
						<line number="5375" hits="0"/>
						<line number="5382" hits="0"/>
						<line number="5388" hits="0"/>
						<line number="5391" hits="0"/>
						<line number="5393" hits="0"/>
						<line number="5396" hits="0"/>
						<line number="5397" hits="0"/>
						<line number="5400" hits="0"/>
						<line number="5402" hits="0"/>
						<line number="5404" hits="0"/>
						<line number="5441" hits="0"/>
						<line number="5475" hits="0"/>
						<line number="5479" hits="0"/>
						<line number="5481" hits="0"/>
						<line number="5482" hits="0"/>
						<line number="5541" hits="0"/>
						<line number="5542" hits="0"/>
						<line number="5550" hits="0"/>
						<line number="5551" hits="0"/>
						<line number="5553" hits="0"/>
						<line number="5564" hits="0"/>
						<line number="5574" hits="0"/>
						<line number="5579" hits="0"/>
						<line number="5584" hits="0"/>
						<line number="5589" hits="0"/>
						<line number="5595" hits="0"/>
						<line number="5609" hits="0"/>
						<line number="5611" hits="0"/>
						<line number="5612" hits="0"/>
						<line number="5613" hits="0"/>
						<line number="5614" hits="0"/>
						<line number="5615" hits="0"/>
						<line number="5621" hits="0"/>
						<line number="5626" hits="0"/>
						<line number="5628" hits="0"/>
						<line number="5629" hits="0"/>
						<line number="5632" hits="0"/>
						<line number="5633" hits="0"/>
						<line number="5634" hits="0"/>
						<line number="5646" hits="0"/>
						<line number="5648" hits="0"/>
						<line number="5650" hits="0"/>
						<line number="5651" hits="0"/>
						<line number="5652" hits="0"/>
						<line number="5653" hits="0"/>
						<line number="5654" hits="0"/>
						<line number="5655" hits="0"/>
						<line number="5656" hits="0"/>
						<line number="5657" hits="0"/>
						<line number="5658" hits="0"/>
						<line number="5659" hits="0"/>
						<line number="5663" hits="0"/>
						<line number="5664" hits="0"/>
						<line number="5667" hits="0"/>
						<line number="5668" hits="0"/>
						<line number="5671" hits="0"/>
						<line number="5673" hits="0"/>
						<line number="5674" hits="0"/>
						<line number="5678" hits="0"/>
						<line number="5679" hits="0"/>
						<line number="5682" hits="0"/>
						<line number="5684" hits="0"/>
						<line number="5685" hits="0"/>
						<line number="5686" hits="0"/>
						<line number="5688" hits="0"/>
						<line number="5689" hits="0"/>
						<line number="5690" hits="0"/>
						<line number="5691" hits="0"/>
						<line number="5693" hits="0"/>
						<line number="5694" hits="0"/>
						<line number="5714" hits="0"/>
						<line number="5715" hits="0"/>
						<line number="5716" hits="0"/>
						<line number="5718" hits="0"/>
						<line number="5721" hits="0"/>
						<line number="5722" hits="0"/>
						<line number="5725" hits="0"/>
						<line number="5727" hits="0"/>
						<line number="5729" hits="0"/>
						<line number="5731" hits="0"/>
						<line number="5732" hits="0"/>
						<line number="5733" hits="0"/>
						<line number="5735" hits="0"/>
						<line number="5736" hits="0"/>
						<line number="5737" hits="0"/>
						<line number="5739" hits="0"/>
						<line number="5742" hits="0"/>
						<line number="5755" hits="0"/>
						<line number="5756" hits="0"/>
						<line number="5758" hits="0"/>
						<line number="5759" hits="0"/>
[...]
						<line number="10184" hits="0"/>
						<line number="10205" hits="0"/>
						<line number="10206" hits="0"/>
						<line number="10208" hits="0"/>
						<line number="10209" hits="0"/>
						<line number="10210" hits="0"/>
						<line number="10213" hits="0"/>
						<line number="10214" hits="0"/>
						<line number="10215" hits="0"/>
						<line number="10216" hits="0"/>
						<line number="10217" hits="0"/>
						<line number="10218" hits="0"/>
						<line number="10221" hits="0"/>
						<line number="10222" hits="0"/>
						<line number="10223" hits="0"/>
						<line number="10224" hits="0"/>
						<line number="10225" hits="0"/>
						<line number="10226" hits="0"/>
						<line number="10229" hits="0"/>
						<line number="10230" hits="0"/>
						<line number="10231" hits="0"/>
						<line number="10232" hits="0"/>
						<line number="10233" hits="0"/>
						<line number="10236" hits="0"/>
						<line number="10238" hits="0"/>
						<line number="10242" hits="0"/>
						<line number="10245" hits="0"/>
						<line number="10246" hits="0"/>
						<line number="10249" hits="0"/>
						<line number="10252" hits="0"/>
						<line number="10255" hits="0"/>
						<line number="10256" hits="0"/>
						<line number="10257" hits="0"/>
						<line number="10258" hits="0"/>
						<line number="10259" hits="0"/>
						<line number="10261" hits="0"/>
						<line number="10263" hits="0"/>
						<line number="10264" hits="0"/>
						<line number="10265" hits="0"/>
						<line number="10266" hits="0"/>
						<line number="10267" hits="0"/>
						<line number="10268" hits="0"/>
						<line number="10269" hits="0"/>
						<line number="10270" hits="0"/>
						<line number="10271" hits="0"/>
						<line number="10272" hits="0"/>
						<line number="10274" hits="0"/>
						<line number="10276" hits="0"/>
						<line number="10277" hits="0"/>
						<line number="10278" hits="0"/>
						<line number="10280" hits="0"/>
						<line number="10283" hits="0"/>
						<line number="10284" hits="0"/>
						<line number="10285" hits="0"/>
						<line number="10288" hits="0"/>
						<line number="10291" hits="0"/>
						<line number="10292" hits="0"/>
						<line number="10295" hits="0"/>
						<line number="10296" hits="0"/>
						<line number="10299" hits="0"/>
						<line number="10300" hits="0"/>
						<line number="10302" hits="0"/>
						<line number="10305" hits="0"/>
						<line number="10308" hits="0"/>
						<line number="10309" hits="0"/>
						<line number="10310" hits="0"/>
						<line number="10311" hits="0"/>
						<line number="10312" hits="0"/>
						<line number="10314" hits="0"/>
						<line number="10315" hits="0"/>
						<line number="10316" hits="0"/>
						<line number="10317" hits="0"/>
						<line number="10324" hits="0"/>
						<line number="10327" hits="0"/>
						<line number="10328" hits="0"/>
						<line number="10330" hits="0"/>
						<line number="10332" hits="0"/>
						<line number="10333" hits="0"/>
						<line number="10335" hits="0"/>
						<line number="10338" hits="0"/>
						<line number="10340" hits="0"/>
						<line number="10358" hits="0"/>
						<line number="10361" hits="0"/>
						<line number="10364" hits="0"/>
						<line number="10365" hits="0"/>
						<line number="10366" hits="0"/>
						<line number="10369" hits="0"/>
						<line number="10370" hits="0"/>
						<line number="10371" hits="0"/>
						<line number="10372" hits="0"/>
						<line number="10373" hits="0"/>
						<line number="10374" hits="0"/>
						<line number="10376" hits="0"/>
						<line number="10383" hits="0"/>
						<line number="10401" hits="0"/>
						<line number="10402" hits="0"/>
						<line number="10406" hits="0"/>
						<line number="10407" hits="0"/>
						<line number="10408" hits="0"/>
						<line number="10409" hits="0"/>
						<line number="10410" hits="0"/>
						<line number="10411" hits="0"/>
						<line number="10414" hits="0"/>
						<line number="10415" hits="0"/>
						<line number="10418" hits="0"/>
						<line number="10420" hits="0"/>
						<line number="10421" hits="0"/>
						<line number="10422" hits="0"/>
						<line number="10426" hits="0"/>
						<line number="10431" hits="0"/>
						<line number="10432" hits="0"/>
						<line number="10433" hits="0"/>
						<line number="10434" hits="0"/>
						<line number="10435" hits="0"/>
						<line number="10436" hits="0"/>
						<line number="10439" hits="0"/>
						<line number="10443" hits="0"/>
						<line number="10444" hits="0"/>
						<line number="10445" hits="0"/>
						<line number="10448" hits="0"/>
						<line number="10450" hits="0"/>
						<line number="10473" hits="0"/>
						<line number="10475" hits="0"/>
						<line number="10494" hits="0"/>
						<line number="10495" hits="0"/>
						<line number="10497" hits="0"/>
						<line number="10521" hits="0"/>
						<line number="10524" hits="0"/>
						<line number="10526" hits="0"/>
						<line number="10528" hits="0"/>
						<line number="10546" hits="0"/>
						<line number="10547" hits="0"/>
						<line number="10548" hits="0"/>
						<line number="10550" hits="0"/>
						<line number="10551" hits="0"/>
						<line number="10554" hits="0"/>
						<line number="10559" hits="0"/>
						<line number="10562" hits="0"/>
						<line number="10565" hits="0"/>
						<line number="10583" hits="0"/>
						<line number="10584" hits="0"/>
						<line number="10587" hits="0"/>
						<line number="10588" hits="0"/>
						<line number="10590" hits="0"/>
						<line number="10592" hits="0"/>
						<line number="10593" hits="0"/>
						<line number="10594" hits="0"/>
						<line number="10595" hits="0"/>
						<line number="10596" hits="0"/>
						<line number="10597" hits="0"/>
						<line number="10599" hits="0"/>
						<line number="10601" hits="0"/>
					</lines>
				</class>
				<class name="todo.py" filename="flywheel/todo.py" complexity="0" line-rate="0" branch-rate="0">
					<methods/>
					<lines>
						<line number="3" hits="0"/>
						<line number="4" hits="0"/>
						<line number="5" hits="0"/>
						<line number="6" hits="0"/>
						<line number="9" hits="0"/>
						<line number="25" hits="0"/>
						<line number="38" hits="0"/>
						<line number="42" hits="0"/>
						<line number="99" hits="0"/>
						<line number="106" hits="0"/>
						<line number="107" hits="0"/>
						<line number="108" hits="0"/>
						<line number="109" hits="0"/>
						<line number="110" hits="0"/>
						<line number="111" hits="0"/>
						<line number="112" hits="0"/>
						<line number="114" hits="0"/>
						<line number="115" hits="0"/>
						<line number="116" hits="0"/>
						<line number="118" hits="0"/>
						<line number="121" hits="0"/>
						<line number="124" hits="0"/>
						<line number="125" hits="0"/>
						<line number="126" hits="0"/>
						<line number="129" hits="0"/>
						<line number="132" hits="0"/>
						<line number="133" hits="0"/>
						<line number="134" hits="0"/>
						<line number="137" hits="0"/>
						<line number="138" hits="0"/>
						<line number="141" hits="0"/>
						<line number="142" hits="0"/>
						<line number="143" hits="0"/>
						<line number="144" hits="0"/>
						<line number="145" hits="0"/>
						<line number="146" hits="0"/>
						<line number="147" hits="0"/>
						<line number="148" hits="0"/>
						<line number="149" hits="0"/>
						<line number="151" hits="0"/>
						<line number="160" hits="0"/>
						<line number="161" hits="0"/>
						<line number="164" hits="0"/>
						<line number="167" hits="0"/>
						<line number="168" hits="0"/>
						<line number="170" hits="0"/>
						<line number="171" hits="0"/>
						<line number="173" hits="0"/>
						<line number="175" hits="0"/>
						<line number="187" hits="0"/>
						<line number="188" hits="0"/>
						<line number="191" hits="0"/>
						<line number="192" hits="0"/>
						<line number="195" hits="0"/>
						<line number="196" hits="0"/>
						<line number="197" hits="0"/>
						<line number="198" hits="0"/>
						<line number="201" hits="0"/>
						<line number="202" hits="0"/>
						<line number="203" hits="0"/>
						<line number="204" hits="0"/>
						<line number="207" hits="0"/>
						<line number="208" hits="0"/>
						<line number="209" hits="0"/>
						<line number="210" hits="0"/>
						<line number="211" hits="0"/>
						<line number="214" hits="0"/>
						<line number="215" hits="0"/>
						<line number="216" hits="0"/>
						<line number="219" hits="0"/>
						<line number="220" hits="0"/>
						<line number="222" hits="0"/>
						<line number="223" hits="0"/>
						<line number="224" hits="0"/>
						<line number="225" hits="0"/>
						<line number="228" hits="0"/>
						<line number="229" hits="0"/>
						<line number="230" hits="0"/>
						<line number="231" hits="0"/>
						<line number="232" hits="0"/>
						<line number="233" hits="0"/>
						<line number="235" hits="0"/>
						<line number="240" hits="0"/>
						<line number="241" hits="0"/>
						<line number="242" hits="0"/>
						<line number="243" hits="0"/>
						<line number="244" hits="0"/>
						<line number="245" hits="0"/>
						<line number="247" hits="0"/>
						<line number="253" hits="0"/>
						<line number="254" hits="0"/>
						<line number="255" hits="0"/>
						<line number="256" hits="0"/>
						<line number="258" hits="0"/>
						<line number="259" hits="0"/>
						<line number="260" hits="0"/>
						<line number="261" hits="0"/>
						<line number="263" hits="0"/>
						<line number="264" hits="0"/>
						<line number="265" hits="0"/>
						<line number="266" hits="0"/>
						<line number="268" hits="0"/>
						<line number="269" hits="0"/>
						<line number="270" hits="0"/>
						<line number="271" hits="0"/>
						<line number="273" hits="0"/>
						<line number="274" hits="0"/>
						<line number="275" hits="0"/>
						<line number="276" hits="0"/>
						<line number="278" hits="0"/>
						<line number="279" hits="0"/>
						<line number="280" hits="0"/>
						<line number="281" hits="0"/>
						<line number="283" hits="0"/>
						<line number="284" hits="0"/>
						<line number="285" hits="0"/>
						<line number="287" hits="0"/>
						<line number="288" hits="0"/>
						<line number="291" hits="0"/>
						<line number="292" hits="0"/>
						<line number="294" hits="0"/>
						<line number="297" hits="0"/>
						<line number="306" hits="0"/>
						<line number="307" hits="0"/>
						<line number="310" hits="0"/>
						<line number="311" hits="0"/>
						<line number="314" hits="0"/>
						<line number="315" hits="0"/>
						<line number="317" hits="0"/>
					</lines>
				</class>
			</classes>
		</package>
		<package name="shared" line-rate="0" branch-rate="0" complexity="0">
			<classes>
				<class name="__init__.py" filename="shared/__init__.py" complexity="0" line-rate="1" branch-rate="0">
					<methods/>
					<lines/>
				</class>
				<class name="agent_sdk.py" filename="shared/agent_sdk.py" complexity="0" line-rate="0" branch-rate="0">
					<methods/>
					<lines>
						<line number="3" hits="0"/>
						<line number="5" hits="0"/>
						<line number="6" hits="0"/>
						<line number="7" hits="0"/>
						<line number="9" hits="0"/>
						<line number="10" hits="0"/>
						<line number="12" hits="0"/>
						<line number="15" hits="0"/>
						<line number="18" hits="0"/>
						<line number="19" hits="0"/>
						<line number="20" hits="0"/>
						<line number="21" hits="0"/>
						<line number="23" hits="0"/>
						<line number="24" hits="0"/>
						<line number="25" hits="0"/>
						<line number="26" hits="0"/>
						<line number="28" hits="0"/>
						<line number="29" hits="0"/>
						<line number="35" hits="0"/>
						<line number="36" hits="0"/>
						<line number="37" hits="0"/>
						<line number="38" hits="0"/>
						<line number="39" hits="0"/>
						<line number="41" hits="0"/>
						<line number="48" hits="0"/>
						<line number="49" hits="0"/>
						<line number="50" hits="0"/>
						<line number="52" hits="0"/>
						<line number="62" hits="0"/>
						<line number="63" hits="0"/>
						<line number="64" hits="0"/>
						<line number="65" hits="0"/>
						<line number="66" hits="0"/>
						<line number="67" hits="0"/>
						<line number="68" hits="0"/>
						<line number="69" hits="0"/>
						<line number="70" hits="0"/>
						<line number="71" hits="0"/>
						<line number="73" hits="0"/>
						<line number="74" hits="0"/>
						<line number="75" hits="0"/>
						<line number="77" hits="0"/>
						<line number="79" hits="0"/>
						<line number="91" hits="0"/>
						<line number="92" hits="0"/>
						<line number="93" hits="0"/>
						<line number="94" hits="0"/>
					</lines>
				</class>
				<class name="claude.py" filename="shared/claude.py" complexity="0" line-rate="0" branch-rate="0">
					<methods/>
					<lines>
						<line number="3" hits="0"/>
						<line number="4" hits="0"/>
						<line number="5" hits="0"/>
						<line number="6" hits="0"/>
						<line number="8" hits="0"/>
						<line number="10" hits="0"/>
						<line number="13" hits="0"/>
						<line number="14" hits="0"/>
						<line number="17" hits="0"/>
						<line number="26" hits="0"/>
						<line number="34" hits="0"/>
						<line number="37" hits="0"/>
						<line number="38" hits="0"/>
						<line number="39" hits="0"/>
						<line number="40" hits="0"/>
						<line number="41" hits="0"/>
						<line number="42" hits="0"/>
						<line number="44" hits="0"/>
						<line number="46" hits="0"/>
						<line number="47" hits="0"/>
						<line number="48" hits="0"/>
						<line number="49" hits="0"/>
						<line number="50" hits="0"/>
						<line number="51" hits="0"/>
						<line number="53" hits="0"/>
						<line number="60" hits="0"/>
						<line number="61" hits="0"/>
						<line number="62" hits="0"/>
						<line number="63" hits="0"/>
						<line number="69" hits="0"/>
						<line number="70" hits="0"/>
						<line number="71" hits="0"/>
						<line number="72" hits="0"/>
						<line number="73" hits="0"/>
						<line number="74" hits="0"/>
						<line number="76" hits="0"/>
						<line number="77" hits="0"/>
						<line number="98" hits="0"/>
						<line number="100" hits="0"/>
						<line number="101" hits="0"/>
						<line number="103" hits="0"/>
						<line number="104" hits="0"/>
						<line number="105" hits="0"/>
						<line number="106" hits="0"/>
						<line number="107" hits="0"/>
						<line number="108" hits="0"/>
						<line number="109" hits="0"/>
						<line number="110" hits="0"/>
						<line number="112" hits="0"/>
						<line number="114" hits="0"/>
						<line number="115" hits="0"/>
						<line number="146" hits="0"/>
						<line number="148" hits="0"/>
						<line number="149" hits="0"/>
						<line number="151" hits="0"/>
						<line number="152" hits="0"/>
						<line number="153" hits="0"/>
						<line number="154" hits="0"/>
						<line number="155" hits="0"/>
						<line number="156" hits="0"/>
						<line number="157" hits="0"/>
						<line number="158" hits="0"/>
						<line number="159" hits="0"/>
						<line number="160" hits="0"/>
						<line number="161" hits="0"/>
						<line number="162" hits="0"/>
						<line number="164" hits="0"/>
						<line number="166" hits="0"/>
						<line number="167" hits="0"/>
						<line number="193" hits="0"/>
						<line number="195" hits="0"/>
						<line number="196" hits="0"/>
						<line number="198" hits="0"/>
						<line number="199" hits="0"/>
						<line number="200" hits="0"/>
						<line number="201" hits="0"/>
						<line number="202" hits="0"/>
						<line number="203" hits="0"/>
						<line number="205" hits="0"/>
						<line number="207" hits="0"/>
						<line number="208" hits="0"/>
						<line number="221" hits="0"/>
						<line number="223" hits="0"/>
						<line number="224" hits="0"/>
					</lines>
				</class>
				<class name="utils.py" filename="shared/utils.py" complexity="0" line-rate="0" branch-rate="0">
					<methods/>
					<lines>
						<line number="3" hits="0"/>
						<line number="4" hits="0"/>
						<line number="5" hits="0"/>
						<line number="6" hits="0"/>
						<line number="7" hits="0"/>
						<line number="8" hits="0"/>
						<line number="9" hits="0"/>
						<line number="11" hits="0"/>
						<line number="14" hits="0"/>
						<line number="24" hits="0"/>
						<line number="27" hits="0"/>
						<line number="28" hits="0"/>
						<line number="30" hits="0"/>
						<line number="32" hits="0"/>
						<line number="34" hits="0"/>
						<line number="37" hits="0"/>
						<line number="48" hits="0"/>
						<line number="59" hits="0"/>
						<line number="61" hits="0"/>
						<line number="62" hits="0"/>
						<line number="63" hits="0"/>
						<line number="64" hits="0"/>
						<line number="67" hits="0"/>
						<line number="82" hits="0"/>
						<line number="93" hits="0"/>
						<line number="94" hits="0"/>
						<line number="96" hits="0"/>
						<line number="97" hits="0"/>
						<line number="100" hits="0"/>
						<line number="108" hits="0"/>
						<line number="109" hits="0"/>
						<line number="110" hits="0"/>
						<line number="111" hits="0"/>
						<line number="117" hits="0"/>
						<line number="118" hits="0"/>
						<line number="119" hits="0"/>
						<line number="121" hits="0"/>
						<line number="124" hits="0"/>
						<line number="131" hits="0"/>
						<line number="133" hits="0"/>
						<line number="134" hits="0"/>
						<line number="136" hits="0"/>
						<line number="137" hits="0"/>
						<line number="140" hits="0"/>
						<line number="147" hits="0"/>
						<line number="149" hits="0"/>
						<line number="151" hits="0"/>
						<line number="152" hits="0"/>
						<line number="154" hits="0"/>
						<line number="157" hits="0"/>
						<line number="164" hits="0"/>
						<line number="173" hits="0"/>
						<line number="176" hits="0"/>
						<line number="185" hits="0"/>
						<line number="186" hits="0"/>
						<line number="189" hits="0"/>
						<line number="207" hits="0"/>
						<line number="208" hits="0"/>
						<line number="209" hits="0"/>
						<line number="212" hits="0"/>
						<line number="215" hits="0"/>
						<line number="216" hits="0"/>
						<line number="217" hits="0"/>
						<line number="219" hits="0"/>
						<line number="222" hits="0"/>
						<line number="225" hits="0"/>
						<line number="227" hits="0"/>
						<line number="228" hits="0"/>
						<line number="231" hits="0"/>
						<line number="238" hits="0"/>
						<line number="239" hits="0"/>
						<line number="240" hits="0"/>
						<line number="242" hits="0"/>
						<line number="244" hits="0"/>
						<line number="245" hits="0"/>
						<line number="247" hits="0"/>
						<line number="248" hits="0"/>
						<line number="251" hits="0"/>
						<line number="258" hits="0"/>
						<line number="259" hits="0"/>
						<line number="262" hits="0"/>
						<line number="269" hits="0"/>
						<line number="270" hits="0"/>
						<line number="271" hits="0"/>
						<line number="272" hits="0"/>
						<line number="273" hits="0"/>
						<line number="275" hits="0"/>
						<line number="277" hits="0"/>
						<line number="280" hits="0"/>
						<line number="289" hits="0"/>
						<line number="291" hits="0"/>
						<line number="294" hits="0"/>
						<line number="296" hits="0"/>
						<line number="297" hits="0"/>
						<line number="300" hits="0"/>
						<line number="311" hits="0"/>
						<line number="313" hits="0"/>
						<line number="314" hits="0"/>
						<line number="316" hits="0"/>
						<line number="322" hits="0"/>
						<line number="323" hits="0"/>
						<line number="324" hits="0"/>
						<line number="325" hits="0"/>
						<line number="326" hits="0"/>
						<line number="327" hits="0"/>
						<line number="328" hits="0"/>
						<line number="329" hits="0"/>
						<line number="331" hits="0"/>
						<line number="333" hits="0"/>
						<line number="334" hits="0"/>
						<line number="337" hits="0"/>
						<line number="343" hits="0"/>
					</lines>
				</class>
			</classes>
		</package>
	</packages>
</coverage>
